{"E:\\L2 Project\\hotel-and-restaurant-review-management-system\\frontend\\src\\App.css": {"path":"E:\\L2 Project\\hotel-and-restaurant-review-management-system\\frontend\\src\\App.css","statementMap":{},"fnMap":{},"branchMap":{},"s":{},"f":{},"b":{},"meta":{"lastBranch":0,"lastFunction":0,"lastStatement":0,"seen":{}}}
,"E:\\L2 Project\\hotel-and-restaurant-review-management-system\\frontend\\src\\App.tsx": {"path":"E:\\L2 Project\\hotel-and-restaurant-review-management-system\\frontend\\src\\App.tsx","statementMap":{"0":{"start":{"line":9,"column":20},"end":{"line":9,"column":null}},"1":{"start":{"line":26,"column":69},"end":{"line":41,"column":null}},"2":{"start":{"line":29,"column":8},"end":{"line":30,"column":null}},"3":{"start":{"line":30,"column":15},"end":{"line":30,"column":36}},"4":{"start":{"line":32,"column":8},"end":{"line":32,"column":null}},"5":{"start":{"line":32,"column":50},"end":{"line":32,"column":63}},"6":{"start":{"line":34,"column":2},"end":{"line":34,"column":28}},"7":{"start":{"line":34,"column":15},"end":{"line":34,"column":28}},"8":{"start":{"line":36,"column":2},"end":{"line":38,"column":null}},"9":{"start":{"line":37,"column":4},"end":{"line":37,"column":null}},"10":{"start":{"line":40,"column":2},"end":{"line":40,"column":null}},"11":{"start":{"line":44,"column":18},"end":{"line":44,"column":null}},"12":{"start":{"line":44,"column":35},"end":{"line":44,"column":null}},"13":{"start":{"line":45,"column":19},"end":{"line":45,"column":null}},"14":{"start":{"line":45,"column":36},"end":{"line":45,"column":null}},"15":{"start":{"line":46,"column":27},"end":{"line":47,"column":null}},"16":{"start":{"line":47,"column":8},"end":{"line":47,"column":null}},"17":{"start":{"line":49,"column":26},"end":{"line":49,"column":null}},"18":{"start":{"line":49,"column":43},"end":{"line":49,"column":null}},"19":{"start":{"line":50,"column":18},"end":{"line":50,"column":null}},"20":{"start":{"line":50,"column":35},"end":{"line":50,"column":null}},"21":{"start":{"line":51,"column":23},"end":{"line":51,"column":null}},"22":{"start":{"line":51,"column":40},"end":{"line":51,"column":null}},"23":{"start":{"line":52,"column":27},"end":{"line":53,"column":null}},"24":{"start":{"line":53,"column":8},"end":{"line":53,"column":null}},"25":{"start":{"line":55,"column":23},"end":{"line":55,"column":null}},"26":{"start":{"line":55,"column":40},"end":{"line":55,"column":null}},"27":{"start":{"line":56,"column":24},"end":{"line":56,"column":null}},"28":{"start":{"line":56,"column":41},"end":{"line":56,"column":null}},"29":{"start":{"line":57,"column":25},"end":{"line":57,"column":null}},"30":{"start":{"line":57,"column":42},"end":{"line":57,"column":null}},"31":{"start":{"line":60,"column":22},"end":{"line":60,"column":null}},"32":{"start":{"line":60,"column":39},"end":{"line":60,"column":null}},"33":{"start":{"line":61,"column":20},"end":{"line":61,"column":null}},"34":{"start":{"line":61,"column":37},"end":{"line":61,"column":null}},"35":{"start":{"line":62,"column":26},"end":{"line":62,"column":null}},"36":{"start":{"line":62,"column":43},"end":{"line":62,"column":null}},"37":{"start":{"line":63,"column":21},"end":{"line":63,"column":null}},"38":{"start":{"line":63,"column":38},"end":{"line":63,"column":null}},"39":{"start":{"line":64,"column":20},"end":{"line":64,"column":null}},"40":{"start":{"line":64,"column":37},"end":{"line":64,"column":null}},"41":{"start":{"line":65,"column":26},"end":{"line":65,"column":null}},"42":{"start":{"line":65,"column":43},"end":{"line":65,"column":null}},"43":{"start":{"line":66,"column":21},"end":{"line":66,"column":null}},"44":{"start":{"line":66,"column":38},"end":{"line":66,"column":null}},"45":{"start":{"line":67,"column":17},"end":{"line":67,"column":null}},"46":{"start":{"line":67,"column":34},"end":{"line":67,"column":null}},"47":{"start":{"line":68,"column":20},"end":{"line":68,"column":null}},"48":{"start":{"line":68,"column":37},"end":{"line":68,"column":null}},"49":{"start":{"line":69,"column":25},"end":{"line":69,"column":null}},"50":{"start":{"line":69,"column":42},"end":{"line":69,"column":null}},"51":{"start":{"line":70,"column":24},"end":{"line":70,"column":null}},"52":{"start":{"line":70,"column":41},"end":{"line":70,"column":null}},"53":{"start":{"line":71,"column":31},"end":{"line":72,"column":null}},"54":{"start":{"line":72,"column":8},"end":{"line":72,"column":null}},"55":{"start":{"line":74,"column":29},"end":{"line":75,"column":null}},"56":{"start":{"line":75,"column":8},"end":{"line":75,"column":null}},"57":{"start":{"line":77,"column":27},"end":{"line":78,"column":null}},"58":{"start":{"line":78,"column":8},"end":{"line":78,"column":null}},"59":{"start":{"line":80,"column":19},"end":{"line":80,"column":null}},"60":{"start":{"line":80,"column":36},"end":{"line":80,"column":null}},"61":{"start":{"line":81,"column":27},"end":{"line":82,"column":null}},"62":{"start":{"line":82,"column":8},"end":{"line":82,"column":null}},"63":{"start":{"line":84,"column":24},"end":{"line":84,"column":null}},"64":{"start":{"line":84,"column":41},"end":{"line":84,"column":null}},"65":{"start":{"line":85,"column":27},"end":{"line":86,"column":null}},"66":{"start":{"line":86,"column":8},"end":{"line":86,"column":null}},"67":{"start":{"line":95,"column":27},"end":{"line":108,"column":null}},"68":{"start":{"line":96,"column":2},"end":{"line":103,"column":null}},"69":{"start":{"line":110,"column":34},"end":{"line":127,"column":null}},"70":{"start":{"line":111,"column":2},"end":{"line":121,"column":null}},"71":{"start":{"line":133,"column":61},"end":{"line":144,"column":null}},"72":{"start":{"line":134,"column":27},"end":{"line":134,"column":null}},"73":{"start":{"line":136,"column":2},"end":{"line":136,"column":30}},"74":{"start":{"line":136,"column":17},"end":{"line":136,"column":30}},"75":{"start":{"line":138,"column":2},"end":{"line":141,"column":null}},"76":{"start":{"line":140,"column":4},"end":{"line":140,"column":null}},"77":{"start":{"line":143,"column":2},"end":{"line":143,"column":null}},"78":{"start":{"line":150,"column":95},"end":{"line":163,"column":null}},"79":{"start":{"line":154,"column":27},"end":{"line":154,"column":null}},"80":{"start":{"line":156,"column":2},"end":{"line":156,"column":30}},"81":{"start":{"line":156,"column":17},"end":{"line":156,"column":30}},"82":{"start":{"line":158,"column":2},"end":{"line":160,"column":null}},"83":{"start":{"line":159,"column":4},"end":{"line":159,"column":null}},"84":{"start":{"line":162,"column":2},"end":{"line":162,"column":null}},"85":{"start":{"line":169,"column":29},"end":{"line":544,"column":null}},"86":{"start":{"line":170,"column":49},"end":{"line":170,"column":null}},"87":{"start":{"line":171,"column":45},"end":{"line":171,"column":null}},"88":{"start":{"line":172,"column":49},"end":{"line":172,"column":null}},"89":{"start":{"line":173,"column":42},"end":{"line":173,"column":null}},"90":{"start":{"line":174,"column":8},"end":{"line":175,"column":null}},"91":{"start":{"line":175,"column":15},"end":{"line":175,"column":39}},"92":{"start":{"line":178,"column":2},"end":{"line":180,"column":null}},"93":{"start":{"line":179,"column":4},"end":{"line":179,"column":null}},"94":{"start":{"line":182,"column":2},"end":{"line":210,"column":null}},"95":{"start":{"line":183,"column":18},"end":{"line":183,"column":null}},"96":{"start":{"line":185,"column":34},"end":{"line":201,"column":null}},"97":{"start":{"line":186,"column":6},"end":{"line":200,"column":null}},"98":{"start":{"line":187,"column":23},"end":{"line":187,"column":null}},"99":{"start":{"line":188,"column":8},"end":{"line":190,"column":null}},"100":{"start":{"line":189,"column":10},"end":{"line":189,"column":null}},"101":{"start":{"line":192,"column":8},"end":{"line":192,"column":null}},"102":{"start":{"line":193,"column":8},"end":{"line":195,"column":null}},"103":{"start":{"line":194,"column":10},"end":{"line":194,"column":null}},"104":{"start":{"line":197,"column":8},"end":{"line":199,"column":null}},"105":{"start":{"line":198,"column":10},"end":{"line":198,"column":null}},"106":{"start":{"line":203,"column":4},"end":{"line":203,"column":null}},"107":{"start":{"line":204,"column":23},"end":{"line":204,"column":null}},"108":{"start":{"line":206,"column":4},"end":{"line":209,"column":null}},"109":{"start":{"line":207,"column":6},"end":{"line":207,"column":null}},"110":{"start":{"line":208,"column":6},"end":{"line":208,"column":null}},"111":{"start":{"line":215,"column":30},"end":{"line":217,"column":null}},"112":{"start":{"line":216,"column":4},"end":{"line":216,"column":null}},"113":{"start":{"line":216,"column":35},"end":{"line":216,"column":null}},"114":{"start":{"line":220,"column":2},"end":{"line":229,"column":null}},"115":{"start":{"line":221,"column":4},"end":{"line":224,"column":null}},"116":{"start":{"line":231,"column":2},"end":{"line":233,"column":null}},"117":{"start":{"line":232,"column":4},"end":{"line":232,"column":null}},"118":{"start":{"line":235,"column":2},"end":{"line":535,"column":null}},"119":{"start":{"line":551,"column":2},"end":{"line":558,"column":null}}},"fnMap":{"0":{"name":"(anonymous_0)","decl":{"start":{"line":26,"column":69},"end":{"line":26,"column":70}},"loc":{"start":{"line":28,"column":1},"end":{"line":41,"column":null}},"line":28},"1":{"name":"(anonymous_1)","decl":{"start":{"line":30,"column":4},"end":{"line":30,"column":5}},"loc":{"start":{"line":30,"column":15},"end":{"line":30,"column":36}},"line":30},"2":{"name":"(anonymous_2)","decl":{"start":{"line":32,"column":39},"end":{"line":32,"column":40}},"loc":{"start":{"line":32,"column":50},"end":{"line":32,"column":63}},"line":32},"3":{"name":"(anonymous_3)","decl":{"start":{"line":44,"column":29},"end":{"line":44,"column":35}},"loc":{"start":{"line":44,"column":35},"end":{"line":44,"column":null}},"line":44},"4":{"name":"(anonymous_4)","decl":{"start":{"line":45,"column":30},"end":{"line":45,"column":36}},"loc":{"start":{"line":45,"column":36},"end":{"line":45,"column":null}},"line":45},"5":{"name":"(anonymous_5)","decl":{"start":{"line":47,"column":2},"end":{"line":47,"column":8}},"loc":{"start":{"line":47,"column":8},"end":{"line":47,"column":null}},"line":47},"6":{"name":"(anonymous_6)","decl":{"start":{"line":49,"column":37},"end":{"line":49,"column":43}},"loc":{"start":{"line":49,"column":43},"end":{"line":49,"column":null}},"line":49},"7":{"name":"(anonymous_7)","decl":{"start":{"line":50,"column":29},"end":{"line":50,"column":35}},"loc":{"start":{"line":50,"column":35},"end":{"line":50,"column":null}},"line":50},"8":{"name":"(anonymous_8)","decl":{"start":{"line":51,"column":34},"end":{"line":51,"column":40}},"loc":{"start":{"line":51,"column":40},"end":{"line":51,"column":null}},"line":51},"9":{"name":"(anonymous_9)","decl":{"start":{"line":53,"column":2},"end":{"line":53,"column":8}},"loc":{"start":{"line":53,"column":8},"end":{"line":53,"column":null}},"line":53},"10":{"name":"(anonymous_10)","decl":{"start":{"line":55,"column":34},"end":{"line":55,"column":40}},"loc":{"start":{"line":55,"column":40},"end":{"line":55,"column":null}},"line":55},"11":{"name":"(anonymous_11)","decl":{"start":{"line":56,"column":35},"end":{"line":56,"column":41}},"loc":{"start":{"line":56,"column":41},"end":{"line":56,"column":null}},"line":56},"12":{"name":"(anonymous_12)","decl":{"start":{"line":57,"column":36},"end":{"line":57,"column":42}},"loc":{"start":{"line":57,"column":42},"end":{"line":57,"column":null}},"line":57},"13":{"name":"(anonymous_13)","decl":{"start":{"line":60,"column":33},"end":{"line":60,"column":39}},"loc":{"start":{"line":60,"column":39},"end":{"line":60,"column":null}},"line":60},"14":{"name":"(anonymous_14)","decl":{"start":{"line":61,"column":31},"end":{"line":61,"column":37}},"loc":{"start":{"line":61,"column":37},"end":{"line":61,"column":null}},"line":61},"15":{"name":"(anonymous_15)","decl":{"start":{"line":62,"column":37},"end":{"line":62,"column":43}},"loc":{"start":{"line":62,"column":43},"end":{"line":62,"column":null}},"line":62},"16":{"name":"(anonymous_16)","decl":{"start":{"line":63,"column":32},"end":{"line":63,"column":38}},"loc":{"start":{"line":63,"column":38},"end":{"line":63,"column":null}},"line":63},"17":{"name":"(anonymous_17)","decl":{"start":{"line":64,"column":31},"end":{"line":64,"column":37}},"loc":{"start":{"line":64,"column":37},"end":{"line":64,"column":null}},"line":64},"18":{"name":"(anonymous_18)","decl":{"start":{"line":65,"column":37},"end":{"line":65,"column":43}},"loc":{"start":{"line":65,"column":43},"end":{"line":65,"column":null}},"line":65},"19":{"name":"(anonymous_19)","decl":{"start":{"line":66,"column":32},"end":{"line":66,"column":38}},"loc":{"start":{"line":66,"column":38},"end":{"line":66,"column":null}},"line":66},"20":{"name":"(anonymous_20)","decl":{"start":{"line":67,"column":28},"end":{"line":67,"column":34}},"loc":{"start":{"line":67,"column":34},"end":{"line":67,"column":null}},"line":67},"21":{"name":"(anonymous_21)","decl":{"start":{"line":68,"column":31},"end":{"line":68,"column":37}},"loc":{"start":{"line":68,"column":37},"end":{"line":68,"column":null}},"line":68},"22":{"name":"(anonymous_22)","decl":{"start":{"line":69,"column":36},"end":{"line":69,"column":42}},"loc":{"start":{"line":69,"column":42},"end":{"line":69,"column":null}},"line":69},"23":{"name":"(anonymous_23)","decl":{"start":{"line":70,"column":35},"end":{"line":70,"column":41}},"loc":{"start":{"line":70,"column":41},"end":{"line":70,"column":null}},"line":70},"24":{"name":"(anonymous_24)","decl":{"start":{"line":72,"column":2},"end":{"line":72,"column":8}},"loc":{"start":{"line":72,"column":8},"end":{"line":72,"column":null}},"line":72},"25":{"name":"(anonymous_25)","decl":{"start":{"line":75,"column":2},"end":{"line":75,"column":8}},"loc":{"start":{"line":75,"column":8},"end":{"line":75,"column":null}},"line":75},"26":{"name":"(anonymous_26)","decl":{"start":{"line":78,"column":2},"end":{"line":78,"column":8}},"loc":{"start":{"line":78,"column":8},"end":{"line":78,"column":null}},"line":78},"27":{"name":"(anonymous_27)","decl":{"start":{"line":80,"column":30},"end":{"line":80,"column":36}},"loc":{"start":{"line":80,"column":36},"end":{"line":80,"column":null}},"line":80},"28":{"name":"(anonymous_28)","decl":{"start":{"line":82,"column":2},"end":{"line":82,"column":8}},"loc":{"start":{"line":82,"column":8},"end":{"line":82,"column":null}},"line":82},"29":{"name":"(anonymous_29)","decl":{"start":{"line":84,"column":35},"end":{"line":84,"column":41}},"loc":{"start":{"line":84,"column":41},"end":{"line":84,"column":null}},"line":84},"30":{"name":"(anonymous_30)","decl":{"start":{"line":86,"column":2},"end":{"line":86,"column":8}},"loc":{"start":{"line":86,"column":8},"end":{"line":86,"column":null}},"line":86},"31":{"name":"(anonymous_31)","decl":{"start":{"line":95,"column":27},"end":{"line":95,"column":null}},"loc":{"start":{"line":95,"column":27},"end":{"line":108,"column":null}},"line":95},"32":{"name":"(anonymous_32)","decl":{"start":{"line":110,"column":34},"end":{"line":110,"column":null}},"loc":{"start":{"line":110,"column":34},"end":{"line":127,"column":null}},"line":110},"33":{"name":"(anonymous_33)","decl":{"start":{"line":133,"column":61},"end":{"line":133,"column":62}},"loc":{"start":{"line":133,"column":74},"end":{"line":144,"column":null}},"line":133},"34":{"name":"(anonymous_34)","decl":{"start":{"line":150,"column":95},"end":{"line":150,"column":96}},"loc":{"start":{"line":153,"column":1},"end":{"line":163,"column":null}},"line":153},"35":{"name":"(anonymous_35)","decl":{"start":{"line":169,"column":29},"end":{"line":169,"column":null}},"loc":{"start":{"line":169,"column":29},"end":{"line":544,"column":null}},"line":169},"36":{"name":"(anonymous_36)","decl":{"start":{"line":175,"column":4},"end":{"line":175,"column":5}},"loc":{"start":{"line":175,"column":15},"end":{"line":175,"column":39}},"line":175},"37":{"name":"(anonymous_37)","decl":{"start":{"line":178,"column":12},"end":{"line":178,"column":null}},"loc":{"start":{"line":178,"column":12},"end":{"line":180,"column":5}},"line":178},"38":{"name":"(anonymous_38)","decl":{"start":{"line":182,"column":12},"end":{"line":182,"column":null}},"loc":{"start":{"line":182,"column":12},"end":{"line":210,"column":5}},"line":182},"39":{"name":"(anonymous_39)","decl":{"start":{"line":185,"column":34},"end":{"line":185,"column":null}},"loc":{"start":{"line":185,"column":34},"end":{"line":201,"column":null}},"line":185},"40":{"name":"(anonymous_40)","decl":{"start":{"line":206,"column":11},"end":{"line":206,"column":null}},"loc":{"start":{"line":206,"column":11},"end":{"line":209,"column":null}},"line":206},"41":{"name":"(anonymous_41)","decl":{"start":{"line":215,"column":30},"end":{"line":215,"column":null}},"loc":{"start":{"line":215,"column":30},"end":{"line":217,"column":null}},"line":215},"42":{"name":"(anonymous_42)","decl":{"start":{"line":216,"column":25},"end":{"line":216,"column":26}},"loc":{"start":{"line":216,"column":35},"end":{"line":216,"column":null}},"line":216},"43":{"name":"App","decl":{"start":{"line":550,"column":9},"end":{"line":550,"column":null}},"loc":{"start":{"line":550,"column":9},"end":{"line":566,"column":null}},"line":550}},"branchMap":{"0":{"loc":{"start":{"line":34,"column":2},"end":{"line":34,"column":28}},"type":"if","locations":[{"start":{"line":34,"column":2},"end":{"line":34,"column":28}},{"start":{},"end":{}}],"line":34},"1":{"loc":{"start":{"line":36,"column":2},"end":{"line":38,"column":null}},"type":"if","locations":[{"start":{"line":36,"column":2},"end":{"line":38,"column":null}},{"start":{},"end":{}}],"line":36},"2":{"loc":{"start":{"line":136,"column":2},"end":{"line":136,"column":30}},"type":"if","locations":[{"start":{"line":136,"column":2},"end":{"line":136,"column":30}},{"start":{},"end":{}}],"line":136},"3":{"loc":{"start":{"line":138,"column":2},"end":{"line":141,"column":null}},"type":"if","locations":[{"start":{"line":138,"column":2},"end":{"line":141,"column":null}},{"start":{},"end":{}}],"line":138},"4":{"loc":{"start":{"line":152,"column":2},"end":{"line":152,"column":32}},"type":"default-arg","locations":[{"start":{"line":152,"column":27},"end":{"line":152,"column":32}}],"line":152},"5":{"loc":{"start":{"line":156,"column":2},"end":{"line":156,"column":30}},"type":"if","locations":[{"start":{"line":156,"column":2},"end":{"line":156,"column":30}},{"start":{},"end":{}}],"line":156},"6":{"loc":{"start":{"line":158,"column":2},"end":{"line":160,"column":null}},"type":"if","locations":[{"start":{"line":158,"column":2},"end":{"line":160,"column":null}},{"start":{},"end":{}}],"line":158},"7":{"loc":{"start":{"line":158,"column":6},"end":{"line":158,"column":39}},"type":"binary-expr","locations":[{"start":{"line":158,"column":6},"end":{"line":158,"column":14}},{"start":{"line":158,"column":14},"end":{"line":158,"column":39}}],"line":158},"8":{"loc":{"start":{"line":188,"column":8},"end":{"line":190,"column":null}},"type":"if","locations":[{"start":{"line":188,"column":8},"end":{"line":190,"column":null}},{"start":{},"end":{}}],"line":188},"9":{"loc":{"start":{"line":193,"column":8},"end":{"line":195,"column":null}},"type":"if","locations":[{"start":{"line":193,"column":8},"end":{"line":195,"column":null}},{"start":{},"end":{}}],"line":193},"10":{"loc":{"start":{"line":197,"column":8},"end":{"line":199,"column":null}},"type":"if","locations":[{"start":{"line":197,"column":8},"end":{"line":199,"column":null}},{"start":{},"end":{}}],"line":197},"11":{"loc":{"start":{"line":220,"column":2},"end":{"line":229,"column":null}},"type":"if","locations":[{"start":{"line":220,"column":2},"end":{"line":229,"column":null}},{"start":{},"end":{}}],"line":220},"12":{"loc":{"start":{"line":220,"column":6},"end":{"line":220,"column":43}},"type":"binary-expr","locations":[{"start":{"line":220,"column":6},"end":{"line":220,"column":28}},{"start":{"line":220,"column":28},"end":{"line":220,"column":43}}],"line":220},"13":{"loc":{"start":{"line":231,"column":2},"end":{"line":233,"column":null}},"type":"if","locations":[{"start":{"line":231,"column":2},"end":{"line":233,"column":null}},{"start":{},"end":{}}],"line":231},"14":{"loc":{"start":{"line":356,"column":37},"end":{"line":356,"column":null}},"type":"cond-expr","locations":[{"start":{"line":356,"column":57},"end":{"line":356,"column":67}},{"start":{"line":356,"column":67},"end":{"line":356,"column":null}}],"line":356},"15":{"loc":{"start":{"line":370,"column":22},"end":{"line":373,"column":null}},"type":"cond-expr","locations":[{"start":{"line":370,"column":22},"end":{"line":373,"column":25}},{"start":{"line":373,"column":24},"end":{"line":373,"column":null}}],"line":370}},"s":{"0":1,"1":1,"2":0,"3":0,"4":0,"5":0,"6":0,"7":0,"8":0,"9":0,"10":0,"11":1,"12":0,"13":1,"14":0,"15":1,"16":0,"17":1,"18":0,"19":1,"20":0,"21":1,"22":0,"23":1,"24":0,"25":1,"26":0,"27":1,"28":0,"29":1,"30":0,"31":1,"32":0,"33":1,"34":0,"35":1,"36":0,"37":1,"38":0,"39":1,"40":0,"41":1,"42":0,"43":1,"44":0,"45":1,"46":0,"47":1,"48":0,"49":1,"50":0,"51":1,"52":0,"53":1,"54":0,"55":1,"56":0,"57":1,"58":0,"59":1,"60":0,"61":1,"62":0,"63":1,"64":0,"65":1,"66":0,"67":1,"68":0,"69":1,"70":0,"71":1,"72":0,"73":0,"74":0,"75":0,"76":0,"77":0,"78":1,"79":0,"80":0,"81":0,"82":0,"83":0,"84":0,"85":1,"86":2,"87":2,"88":2,"89":2,"90":2,"91":8,"92":2,"93":1,"94":2,"95":1,"96":1,"97":1,"98":1,"99":0,"100":0,"101":0,"102":0,"103":0,"104":0,"105":0,"106":1,"107":1,"108":1,"109":1,"110":1,"111":2,"112":0,"113":0,"114":2,"115":2,"116":0,"117":0,"118":0,"119":1},"f":{"0":0,"1":0,"2":0,"3":0,"4":0,"5":0,"6":0,"7":0,"8":0,"9":0,"10":0,"11":0,"12":0,"13":0,"14":0,"15":0,"16":0,"17":0,"18":0,"19":0,"20":0,"21":0,"22":0,"23":0,"24":0,"25":0,"26":0,"27":0,"28":0,"29":0,"30":0,"31":0,"32":0,"33":0,"34":0,"35":2,"36":8,"37":1,"38":1,"39":1,"40":1,"41":0,"42":0,"43":1},"b":{"0":[0,0],"1":[0,0],"2":[0,0],"3":[0,0],"4":[0],"5":[0,0],"6":[0,0],"7":[0,0],"8":[0,0],"9":[0,0],"10":[0,0],"11":[2,0],"12":[2,0],"13":[0,0],"14":[0,0],"15":[0,0]},"meta":{"lastBranch":16,"lastFunction":44,"lastStatement":120,"seen":{"s:9:20:9:Infinity":0,"s:26:69:41:Infinity":1,"f:26:69:26:70":0,"s:29:8:30:Infinity":2,"f:30:4:30:5":1,"s:30:15:30:36":3,"s:32:8:32:Infinity":4,"f:32:39:32:40":2,"s:32:50:32:63":5,"b:34:2:34:28:undefined:undefined:undefined:undefined":0,"s:34:2:34:28":6,"s:34:15:34:28":7,"b:36:2:38:Infinity:undefined:undefined:undefined:undefined":1,"s:36:2:38:Infinity":8,"s:37:4:37:Infinity":9,"s:40:2:40:Infinity":10,"s:44:18:44:Infinity":11,"f:44:29:44:35":3,"s:44:35:44:Infinity":12,"s:45:19:45:Infinity":13,"f:45:30:45:36":4,"s:45:36:45:Infinity":14,"s:46:27:47:Infinity":15,"f:47:2:47:8":5,"s:47:8:47:Infinity":16,"s:49:26:49:Infinity":17,"f:49:37:49:43":6,"s:49:43:49:Infinity":18,"s:50:18:50:Infinity":19,"f:50:29:50:35":7,"s:50:35:50:Infinity":20,"s:51:23:51:Infinity":21,"f:51:34:51:40":8,"s:51:40:51:Infinity":22,"s:52:27:53:Infinity":23,"f:53:2:53:8":9,"s:53:8:53:Infinity":24,"s:55:23:55:Infinity":25,"f:55:34:55:40":10,"s:55:40:55:Infinity":26,"s:56:24:56:Infinity":27,"f:56:35:56:41":11,"s:56:41:56:Infinity":28,"s:57:25:57:Infinity":29,"f:57:36:57:42":12,"s:57:42:57:Infinity":30,"s:60:22:60:Infinity":31,"f:60:33:60:39":13,"s:60:39:60:Infinity":32,"s:61:20:61:Infinity":33,"f:61:31:61:37":14,"s:61:37:61:Infinity":34,"s:62:26:62:Infinity":35,"f:62:37:62:43":15,"s:62:43:62:Infinity":36,"s:63:21:63:Infinity":37,"f:63:32:63:38":16,"s:63:38:63:Infinity":38,"s:64:20:64:Infinity":39,"f:64:31:64:37":17,"s:64:37:64:Infinity":40,"s:65:26:65:Infinity":41,"f:65:37:65:43":18,"s:65:43:65:Infinity":42,"s:66:21:66:Infinity":43,"f:66:32:66:38":19,"s:66:38:66:Infinity":44,"s:67:17:67:Infinity":45,"f:67:28:67:34":20,"s:67:34:67:Infinity":46,"s:68:20:68:Infinity":47,"f:68:31:68:37":21,"s:68:37:68:Infinity":48,"s:69:25:69:Infinity":49,"f:69:36:69:42":22,"s:69:42:69:Infinity":50,"s:70:24:70:Infinity":51,"f:70:35:70:41":23,"s:70:41:70:Infinity":52,"s:71:31:72:Infinity":53,"f:72:2:72:8":24,"s:72:8:72:Infinity":54,"s:74:29:75:Infinity":55,"f:75:2:75:8":25,"s:75:8:75:Infinity":56,"s:77:27:78:Infinity":57,"f:78:2:78:8":26,"s:78:8:78:Infinity":58,"s:80:19:80:Infinity":59,"f:80:30:80:36":27,"s:80:36:80:Infinity":60,"s:81:27:82:Infinity":61,"f:82:2:82:8":28,"s:82:8:82:Infinity":62,"s:84:24:84:Infinity":63,"f:84:35:84:41":29,"s:84:41:84:Infinity":64,"s:85:27:86:Infinity":65,"f:86:2:86:8":30,"s:86:8:86:Infinity":66,"s:95:27:108:Infinity":67,"f:95:27:95:Infinity":31,"s:96:2:103:Infinity":68,"s:110:34:127:Infinity":69,"f:110:34:110:Infinity":32,"s:111:2:121:Infinity":70,"s:133:61:144:Infinity":71,"f:133:61:133:62":33,"s:134:27:134:Infinity":72,"b:136:2:136:30:undefined:undefined:undefined:undefined":2,"s:136:2:136:30":73,"s:136:17:136:30":74,"b:138:2:141:Infinity:undefined:undefined:undefined:undefined":3,"s:138:2:141:Infinity":75,"s:140:4:140:Infinity":76,"s:143:2:143:Infinity":77,"s:150:95:163:Infinity":78,"f:150:95:150:96":34,"b:152:27:152:32":4,"s:154:27:154:Infinity":79,"b:156:2:156:30:undefined:undefined:undefined:undefined":5,"s:156:2:156:30":80,"s:156:17:156:30":81,"b:158:2:160:Infinity:undefined:undefined:undefined:undefined":6,"s:158:2:160:Infinity":82,"b:158:6:158:14:158:14:158:39":7,"s:159:4:159:Infinity":83,"s:162:2:162:Infinity":84,"s:169:29:544:Infinity":85,"f:169:29:169:Infinity":35,"s:170:49:170:Infinity":86,"s:171:45:171:Infinity":87,"s:172:49:172:Infinity":88,"s:173:42:173:Infinity":89,"s:174:8:175:Infinity":90,"f:175:4:175:5":36,"s:175:15:175:39":91,"s:178:2:180:Infinity":92,"f:178:12:178:Infinity":37,"s:179:4:179:Infinity":93,"s:182:2:210:Infinity":94,"f:182:12:182:Infinity":38,"s:183:18:183:Infinity":95,"s:185:34:201:Infinity":96,"f:185:34:185:Infinity":39,"s:186:6:200:Infinity":97,"s:187:23:187:Infinity":98,"b:188:8:190:Infinity:undefined:undefined:undefined:undefined":8,"s:188:8:190:Infinity":99,"s:189:10:189:Infinity":100,"s:192:8:192:Infinity":101,"b:193:8:195:Infinity:undefined:undefined:undefined:undefined":9,"s:193:8:195:Infinity":102,"s:194:10:194:Infinity":103,"b:197:8:199:Infinity:undefined:undefined:undefined:undefined":10,"s:197:8:199:Infinity":104,"s:198:10:198:Infinity":105,"s:203:4:203:Infinity":106,"s:204:23:204:Infinity":107,"s:206:4:209:Infinity":108,"f:206:11:206:Infinity":40,"s:207:6:207:Infinity":109,"s:208:6:208:Infinity":110,"s:215:30:217:Infinity":111,"f:215:30:215:Infinity":41,"s:216:4:216:Infinity":112,"f:216:25:216:26":42,"s:216:35:216:Infinity":113,"b:220:2:229:Infinity:undefined:undefined:undefined:undefined":11,"s:220:2:229:Infinity":114,"b:220:6:220:28:220:28:220:43":12,"s:221:4:224:Infinity":115,"b:231:2:233:Infinity:undefined:undefined:undefined:undefined":13,"s:231:2:233:Infinity":116,"s:232:4:232:Infinity":117,"s:235:2:535:Infinity":118,"b:356:57:356:67:356:67:356:Infinity":14,"b:370:22:373:25:373:24:373:Infinity":15,"f:550:9:550:Infinity":43,"s:551:2:558:Infinity":119}}}
,"E:\\L2 Project\\hotel-and-restaurant-review-management-system\\frontend\\src\\api\\client.ts": {"path":"E:\\L2 Project\\hotel-and-restaurant-review-management-system\\frontend\\src\\api\\client.ts","statementMap":{"0":{"start":{"line":9,"column":19},"end":{"line":22,"column":null}},"1":{"start":{"line":10,"column":2},"end":{"line":10,"column":null}},"2":{"start":{"line":10,"column":30},"end":{"line":10,"column":null}},"3":{"start":{"line":11,"column":8},"end":{"line":11,"column":null}},"4":{"start":{"line":14,"column":18},"end":{"line":14,"column":null}},"5":{"start":{"line":17,"column":2},"end":{"line":19,"column":null}},"6":{"start":{"line":18,"column":4},"end":{"line":18,"column":null}},"7":{"start":{"line":21,"column":2},"end":{"line":21,"column":null}},"8":{"start":{"line":24,"column":27},"end":{"line":26,"column":null}},"9":{"start":{"line":25,"column":2},"end":{"line":25,"column":null}},"10":{"start":{"line":28,"column":25},"end":{"line":38,"column":null}},"11":{"start":{"line":32,"column":2},"end":{"line":37,"column":null}},"12":{"start":{"line":33,"column":22},"end":{"line":33,"column":null}},"13":{"start":{"line":34,"column":4},"end":{"line":34,"column":null}},"14":{"start":{"line":36,"column":4},"end":{"line":36,"column":null}},"15":{"start":{"line":41,"column":2},"end":{"line":57,"column":null}},"16":{"start":{"line":42,"column":27},"end":{"line":42,"column":null}},"17":{"start":{"line":45,"column":4},"end":{"line":47,"column":null}},"18":{"start":{"line":46,"column":6},"end":{"line":46,"column":null}},"19":{"start":{"line":49,"column":4},"end":{"line":49,"column":null}},"20":{"start":{"line":50,"column":4},"end":{"line":50,"column":null}},"21":{"start":{"line":51,"column":4},"end":{"line":51,"column":null}},"22":{"start":{"line":53,"column":4},"end":{"line":55,"column":null}},"23":{"start":{"line":54,"column":6},"end":{"line":54,"column":null}},"24":{"start":{"line":56,"column":4},"end":{"line":56,"column":null}},"25":{"start":{"line":59,"column":2},"end":{"line":82,"column":null}},"26":{"start":{"line":60,"column":23},"end":{"line":60,"column":null}},"27":{"start":{"line":61,"column":4},"end":{"line":66,"column":null}},"28":{"start":{"line":62,"column":24},"end":{"line":62,"column":null}},"29":{"start":{"line":63,"column":6},"end":{"line":63,"column":null}},"30":{"start":{"line":69,"column":21},"end":{"line":69,"column":null}},"31":{"start":{"line":70,"column":4},"end":{"line":80,"column":null}},"32":{"start":{"line":75,"column":6},"end":{"line":78,"column":null}},"33":{"start":{"line":81,"column":4},"end":{"line":81,"column":null}},"34":{"start":{"line":84,"column":2},"end":{"line":88,"column":null}},"35":{"start":{"line":85,"column":23},"end":{"line":85,"column":63}},"36":{"start":{"line":86,"column":4},"end":{"line":86,"column":null}},"37":{"start":{"line":87,"column":4},"end":{"line":87,"column":null}},"38":{"start":{"line":89,"column":22},"end":{"line":89,"column":null}},"39":{"start":{"line":90,"column":2},"end":{"line":92,"column":null}},"40":{"start":{"line":91,"column":4},"end":{"line":91,"column":null}},"41":{"start":{"line":93,"column":2},"end":{"line":99,"column":null}},"42":{"start":{"line":98,"column":4},"end":{"line":98,"column":null}},"43":{"start":{"line":100,"column":2},"end":{"line":100,"column":null}},"44":{"start":{"line":103,"column":19},"end":{"line":120,"column":null}},"45":{"start":{"line":107,"column":16},"end":{"line":107,"column":null}},"46":{"start":{"line":108,"column":42},"end":{"line":110,"column":null}},"47":{"start":{"line":112,"column":2},"end":{"line":114,"column":null}},"48":{"start":{"line":113,"column":4},"end":{"line":113,"column":null}},"49":{"start":{"line":116,"column":2},"end":{"line":118,"column":null}},"50":{"start":{"line":117,"column":4},"end":{"line":117,"column":null}},"51":{"start":{"line":119,"column":2},"end":{"line":119,"column":null}},"52":{"start":{"line":122,"column":25},"end":{"line":218,"column":null}},"53":{"start":{"line":128,"column":20},"end":{"line":128,"column":null}},"54":{"start":{"line":129,"column":4},"end":{"line":129,"column":null}},"55":{"start":{"line":131,"column":22},"end":{"line":131,"column":null}},"56":{"start":{"line":132,"column":4},"end":{"line":146,"column":null}},"57":{"start":{"line":133,"column":27},"end":{"line":133,"column":null}},"58":{"start":{"line":134,"column":6},"end":{"line":142,"column":null}},"59":{"start":{"line":135,"column":8},"end":{"line":141,"column":null}},"60":{"start":{"line":136,"column":10},"end":{"line":140,"column":null}},"61":{"start":{"line":137,"column":12},"end":{"line":137,"column":null}},"62":{"start":{"line":137,"column":33},"end":{"line":137,"column":null}},"63":{"start":{"line":139,"column":12},"end":{"line":139,"column":null}},"64":{"start":{"line":143,"column":6},"end":{"line":145,"column":null}},"65":{"start":{"line":148,"column":21},"end":{"line":151,"column":null}},"66":{"start":{"line":152,"column":4},"end":{"line":152,"column":null}},"67":{"start":{"line":160,"column":20},"end":{"line":160,"column":null}},"68":{"start":{"line":161,"column":23},"end":{"line":161,"column":null}},"69":{"start":{"line":162,"column":4},"end":{"line":162,"column":null}},"70":{"start":{"line":164,"column":21},"end":{"line":168,"column":null}},"71":{"start":{"line":169,"column":4},"end":{"line":169,"column":null}},"72":{"start":{"line":177,"column":20},"end":{"line":177,"column":null}},"73":{"start":{"line":178,"column":23},"end":{"line":178,"column":null}},"74":{"start":{"line":179,"column":4},"end":{"line":179,"column":null}},"75":{"start":{"line":181,"column":21},"end":{"line":185,"column":null}},"76":{"start":{"line":186,"column":4},"end":{"line":186,"column":null}},"77":{"start":{"line":194,"column":20},"end":{"line":194,"column":null}},"78":{"start":{"line":195,"column":23},"end":{"line":195,"column":null}},"79":{"start":{"line":196,"column":4},"end":{"line":196,"column":null}},"80":{"start":{"line":198,"column":21},"end":{"line":202,"column":null}},"81":{"start":{"line":203,"column":4},"end":{"line":203,"column":null}},"82":{"start":{"line":210,"column":20},"end":{"line":210,"column":null}},"83":{"start":{"line":211,"column":4},"end":{"line":211,"column":null}},"84":{"start":{"line":212,"column":21},"end":{"line":215,"column":null}},"85":{"start":{"line":216,"column":4},"end":{"line":216,"column":null}}},"fnMap":{"0":{"name":"(anonymous_0)","decl":{"start":{"line":9,"column":19},"end":{"line":9,"column":20}},"loc":{"start":{"line":9,"column":20},"end":{"line":22,"column":null}},"line":9},"1":{"name":"(anonymous_1)","decl":{"start":{"line":24,"column":27},"end":{"line":24,"column":28}},"loc":{"start":{"line":24,"column":28},"end":{"line":26,"column":null}},"line":24},"2":{"name":"(anonymous_2)","decl":{"start":{"line":28,"column":25},"end":{"line":28,"column":null}},"loc":{"start":{"line":30,"column":2},"end":{"line":38,"column":null}},"line":30},"3":{"name":"handleResponse","decl":{"start":{"line":40,"column":15},"end":{"line":40,"column":30}},"loc":{"start":{"line":40,"column":68},"end":{"line":101,"column":null}},"line":40},"4":{"name":"(anonymous_4)","decl":{"start":{"line":103,"column":19},"end":{"line":103,"column":null}},"loc":{"start":{"line":105,"column":29},"end":{"line":120,"column":null}},"line":105},"5":{"name":"(anonymous_5)","decl":{"start":{"line":123,"column":8},"end":{"line":123,"column":null}},"loc":{"start":{"line":126,"column":42},"end":{"line":153,"column":null}},"line":126},"6":{"name":"(anonymous_6)","decl":{"start":{"line":134,"column":37},"end":{"line":134,"column":38}},"loc":{"start":{"line":134,"column":50},"end":{"line":142,"column":null}},"line":134},"7":{"name":"(anonymous_7)","decl":{"start":{"line":137,"column":26},"end":{"line":137,"column":27}},"loc":{"start":{"line":137,"column":33},"end":{"line":137,"column":null}},"line":137},"8":{"name":"(anonymous_8)","decl":{"start":{"line":155,"column":8},"end":{"line":155,"column":null}},"loc":{"start":{"line":158,"column":42},"end":{"line":170,"column":null}},"line":158},"9":{"name":"(anonymous_9)","decl":{"start":{"line":172,"column":8},"end":{"line":172,"column":null}},"loc":{"start":{"line":175,"column":42},"end":{"line":187,"column":null}},"line":175},"10":{"name":"(anonymous_10)","decl":{"start":{"line":189,"column":8},"end":{"line":189,"column":null}},"loc":{"start":{"line":192,"column":42},"end":{"line":204,"column":null}},"line":192},"11":{"name":"(anonymous_11)","decl":{"start":{"line":206,"column":8},"end":{"line":206,"column":null}},"loc":{"start":{"line":208,"column":42},"end":{"line":217,"column":null}},"line":208}},"branchMap":{"0":{"loc":{"start":{"line":10,"column":2},"end":{"line":10,"column":null}},"type":"if","locations":[{"start":{"line":10,"column":2},"end":{"line":10,"column":null}},{"start":{},"end":{}}],"line":10},"1":{"loc":{"start":{"line":14,"column":18},"end":{"line":14,"column":null}},"type":"cond-expr","locations":[{"start":{"line":14,"column":40},"end":{"line":14,"column":55}},{"start":{"line":14,"column":55},"end":{"line":14,"column":null}}],"line":14},"2":{"loc":{"start":{"line":17,"column":2},"end":{"line":19,"column":null}},"type":"if","locations":[{"start":{"line":17,"column":2},"end":{"line":19,"column":null}},{"start":{},"end":{}}],"line":17},"3":{"loc":{"start":{"line":34,"column":11},"end":{"line":34,"column":null}},"type":"binary-expr","locations":[{"start":{"line":34,"column":11},"end":{"line":34,"column":32}},{"start":{"line":34,"column":32},"end":{"line":34,"column":null}}],"line":34},"4":{"loc":{"start":{"line":41,"column":2},"end":{"line":57,"column":null}},"type":"if","locations":[{"start":{"line":41,"column":2},"end":{"line":57,"column":null}},{"start":{},"end":{}}],"line":41},"5":{"loc":{"start":{"line":45,"column":4},"end":{"line":47,"column":null}},"type":"if","locations":[{"start":{"line":45,"column":4},"end":{"line":47,"column":null}},{"start":{},"end":{}}],"line":45},"6":{"loc":{"start":{"line":53,"column":4},"end":{"line":55,"column":null}},"type":"if","locations":[{"start":{"line":53,"column":4},"end":{"line":55,"column":null}},{"start":{},"end":{}}],"line":53},"7":{"loc":{"start":{"line":59,"column":2},"end":{"line":82,"column":null}},"type":"if","locations":[{"start":{"line":59,"column":2},"end":{"line":82,"column":null}},{"start":{},"end":{}}],"line":59},"8":{"loc":{"start":{"line":63,"column":21},"end":{"line":63,"column":null}},"type":"binary-expr","locations":[{"start":{"line":63,"column":21},"end":{"line":63,"column":42}},{"start":{"line":63,"column":42},"end":{"line":63,"column":null}}],"line":63},"9":{"loc":{"start":{"line":70,"column":4},"end":{"line":80,"column":null}},"type":"if","locations":[{"start":{"line":70,"column":4},"end":{"line":80,"column":null}},{"start":{},"end":{}}],"line":70},"10":{"loc":{"start":{"line":71,"column":6},"end":{"line":72,"column":null}},"type":"binary-expr","locations":[{"start":{"line":71,"column":6},"end":{"line":71,"column":null}},{"start":{"line":72,"column":6},"end":{"line":72,"column":null}}],"line":71},"11":{"loc":{"start":{"line":84,"column":2},"end":{"line":88,"column":null}},"type":"if","locations":[{"start":{"line":84,"column":2},"end":{"line":88,"column":null}},{"start":{},"end":{}}],"line":84},"12":{"loc":{"start":{"line":90,"column":2},"end":{"line":92,"column":null}},"type":"if","locations":[{"start":{"line":90,"column":2},"end":{"line":92,"column":null}},{"start":{},"end":{}}],"line":90},"13":{"loc":{"start":{"line":90,"column":6},"end":{"line":90,"column":69}},"type":"binary-expr","locations":[{"start":{"line":90,"column":6},"end":{"line":90,"column":21}},{"start":{"line":90,"column":21},"end":{"line":90,"column":69}}],"line":90},"14":{"loc":{"start":{"line":93,"column":2},"end":{"line":99,"column":null}},"type":"if","locations":[{"start":{"line":93,"column":2},"end":{"line":99,"column":null}},{"start":{},"end":{}}],"line":93},"15":{"loc":{"start":{"line":94,"column":4},"end":{"line":96,"column":null}},"type":"binary-expr","locations":[{"start":{"line":94,"column":4},"end":{"line":94,"column":null}},{"start":{"line":95,"column":5},"end":{"line":95,"column":null}},{"start":{"line":96,"column":6},"end":{"line":96,"column":null}}],"line":94},"16":{"loc":{"start":{"line":105,"column":2},"end":{"line":105,"column":29}},"type":"default-arg","locations":[{"start":{"line":105,"column":24},"end":{"line":105,"column":29}}],"line":105},"17":{"loc":{"start":{"line":112,"column":2},"end":{"line":114,"column":null}},"type":"if","locations":[{"start":{"line":112,"column":2},"end":{"line":114,"column":null}},{"start":{},"end":{}}],"line":112},"18":{"loc":{"start":{"line":116,"column":2},"end":{"line":118,"column":null}},"type":"if","locations":[{"start":{"line":116,"column":2},"end":{"line":118,"column":null}},{"start":{},"end":{}}],"line":116},"19":{"loc":{"start":{"line":132,"column":4},"end":{"line":146,"column":null}},"type":"if","locations":[{"start":{"line":132,"column":4},"end":{"line":146,"column":null}},{"start":{},"end":{}}],"line":132},"20":{"loc":{"start":{"line":135,"column":8},"end":{"line":141,"column":null}},"type":"if","locations":[{"start":{"line":135,"column":8},"end":{"line":141,"column":null}},{"start":{},"end":{}}],"line":135},"21":{"loc":{"start":{"line":135,"column":12},"end":{"line":135,"column":51}},"type":"binary-expr","locations":[{"start":{"line":135,"column":12},"end":{"line":135,"column":35}},{"start":{"line":135,"column":35},"end":{"line":135,"column":51}}],"line":135},"22":{"loc":{"start":{"line":136,"column":10},"end":{"line":140,"column":null}},"type":"if","locations":[{"start":{"line":136,"column":10},"end":{"line":140,"column":null}},{"start":{"line":138,"column":17},"end":{"line":140,"column":null}}],"line":136},"23":{"loc":{"start":{"line":143,"column":20},"end":{"line":145,"column":null}},"type":"cond-expr","locations":[{"start":{"line":144,"column":10},"end":{"line":144,"column":39}},{"start":{"line":145,"column":10},"end":{"line":145,"column":null}}],"line":143},"24":{"loc":{"start":{"line":162,"column":32},"end":{"line":162,"column":null}},"type":"cond-expr","locations":[{"start":{"line":162,"column":45},"end":{"line":162,"column":60}},{"start":{"line":162,"column":60},"end":{"line":162,"column":null}}],"line":162},"25":{"loc":{"start":{"line":167,"column":12},"end":{"line":167,"column":null}},"type":"cond-expr","locations":[{"start":{"line":167,"column":25},"end":{"line":167,"column":32}},{"start":{"line":167,"column":32},"end":{"line":167,"column":null}}],"line":167},"26":{"loc":{"start":{"line":167,"column":32},"end":{"line":167,"column":null}},"type":"cond-expr","locations":[{"start":{"line":167,"column":39},"end":{"line":167,"column":62}},{"start":{"line":167,"column":62},"end":{"line":167,"column":null}}],"line":167},"27":{"loc":{"start":{"line":179,"column":31},"end":{"line":179,"column":null}},"type":"cond-expr","locations":[{"start":{"line":179,"column":44},"end":{"line":179,"column":59}},{"start":{"line":179,"column":59},"end":{"line":179,"column":null}}],"line":179},"28":{"loc":{"start":{"line":184,"column":12},"end":{"line":184,"column":null}},"type":"cond-expr","locations":[{"start":{"line":184,"column":25},"end":{"line":184,"column":32}},{"start":{"line":184,"column":32},"end":{"line":184,"column":null}}],"line":184},"29":{"loc":{"start":{"line":184,"column":32},"end":{"line":184,"column":null}},"type":"cond-expr","locations":[{"start":{"line":184,"column":39},"end":{"line":184,"column":62}},{"start":{"line":184,"column":62},"end":{"line":184,"column":null}}],"line":184},"30":{"loc":{"start":{"line":196,"column":33},"end":{"line":196,"column":null}},"type":"cond-expr","locations":[{"start":{"line":196,"column":46},"end":{"line":196,"column":61}},{"start":{"line":196,"column":61},"end":{"line":196,"column":null}}],"line":196},"31":{"loc":{"start":{"line":201,"column":12},"end":{"line":201,"column":null}},"type":"cond-expr","locations":[{"start":{"line":201,"column":25},"end":{"line":201,"column":32}},{"start":{"line":201,"column":32},"end":{"line":201,"column":null}}],"line":201},"32":{"loc":{"start":{"line":201,"column":32},"end":{"line":201,"column":null}},"type":"cond-expr","locations":[{"start":{"line":201,"column":39},"end":{"line":201,"column":62}},{"start":{"line":201,"column":62},"end":{"line":201,"column":null}}],"line":201}},"s":{"0":1,"1":1,"2":0,"3":1,"4":1,"5":1,"6":1,"7":1,"8":1,"9":0,"10":1,"11":0,"12":0,"13":0,"14":0,"15":0,"16":0,"17":0,"18":0,"19":0,"20":0,"21":0,"22":0,"23":0,"24":0,"25":0,"26":0,"27":0,"28":0,"29":0,"30":0,"31":0,"32":0,"33":0,"34":0,"35":0,"36":0,"37":0,"38":0,"39":0,"40":0,"41":0,"42":0,"43":0,"44":1,"45":1,"46":1,"47":1,"48":1,"49":1,"50":0,"51":1,"52":1,"53":1,"54":1,"55":1,"56":1,"57":0,"58":0,"59":0,"60":0,"61":0,"62":0,"63":0,"64":0,"65":1,"66":0,"67":0,"68":0,"69":0,"70":0,"71":0,"72":0,"73":0,"74":0,"75":0,"76":0,"77":0,"78":0,"79":0,"80":0,"81":0,"82":0,"83":0,"84":0,"85":0},"f":{"0":1,"1":0,"2":0,"3":0,"4":1,"5":1,"6":0,"7":0,"8":0,"9":0,"10":0,"11":0},"b":{"0":[0,1],"1":[1,0],"2":[1,0],"3":[0,0],"4":[0,0],"5":[0,0],"6":[0,0],"7":[0,0],"8":[0,0],"9":[0,0],"10":[0,0],"11":[0,0],"12":[0,0],"13":[0,0],"14":[0,0],"15":[0,0,0],"16":[1],"17":[1,0],"18":[0,1],"19":[0,1],"20":[0,0],"21":[0,0],"22":[0,0],"23":[0,0],"24":[0,0],"25":[0,0],"26":[0,0],"27":[0,0],"28":[0,0],"29":[0,0],"30":[0,0],"31":[0,0],"32":[0,0]},"meta":{"lastBranch":33,"lastFunction":12,"lastStatement":86,"seen":{"s:9:19:22:Infinity":0,"f:9:19:9:20":0,"b:10:2:10:Infinity:undefined:undefined:undefined:undefined":0,"s:10:2:10:Infinity":1,"s:10:30:10:Infinity":2,"s:11:8:11:Infinity":3,"s:14:18:14:Infinity":4,"b:14:40:14:55:14:55:14:Infinity":1,"b:17:2:19:Infinity:undefined:undefined:undefined:undefined":2,"s:17:2:19:Infinity":5,"s:18:4:18:Infinity":6,"s:21:2:21:Infinity":7,"s:24:27:26:Infinity":8,"f:24:27:24:28":1,"s:25:2:25:Infinity":9,"s:28:25:38:Infinity":10,"f:28:25:28:Infinity":2,"s:32:2:37:Infinity":11,"s:33:22:33:Infinity":12,"s:34:4:34:Infinity":13,"b:34:11:34:32:34:32:34:Infinity":3,"s:36:4:36:Infinity":14,"f:40:15:40:30":3,"b:41:2:57:Infinity:undefined:undefined:undefined:undefined":4,"s:41:2:57:Infinity":15,"s:42:27:42:Infinity":16,"b:45:4:47:Infinity:undefined:undefined:undefined:undefined":5,"s:45:4:47:Infinity":17,"s:46:6:46:Infinity":18,"s:49:4:49:Infinity":19,"s:50:4:50:Infinity":20,"s:51:4:51:Infinity":21,"b:53:4:55:Infinity:undefined:undefined:undefined:undefined":6,"s:53:4:55:Infinity":22,"s:54:6:54:Infinity":23,"s:56:4:56:Infinity":24,"b:59:2:82:Infinity:undefined:undefined:undefined:undefined":7,"s:59:2:82:Infinity":25,"s:60:23:60:Infinity":26,"s:61:4:66:Infinity":27,"s:62:24:62:Infinity":28,"s:63:6:63:Infinity":29,"b:63:21:63:42:63:42:63:Infinity":8,"s:69:21:69:Infinity":30,"b:70:4:80:Infinity:undefined:undefined:undefined:undefined":9,"s:70:4:80:Infinity":31,"b:71:6:71:Infinity:72:6:72:Infinity":10,"s:75:6:78:Infinity":32,"s:81:4:81:Infinity":33,"b:84:2:88:Infinity:undefined:undefined:undefined:undefined":11,"s:84:2:88:Infinity":34,"s:85:23:85:63":35,"s:86:4:86:Infinity":36,"s:87:4:87:Infinity":37,"s:89:22:89:Infinity":38,"b:90:2:92:Infinity:undefined:undefined:undefined:undefined":12,"s:90:2:92:Infinity":39,"b:90:6:90:21:90:21:90:69":13,"s:91:4:91:Infinity":40,"b:93:2:99:Infinity:undefined:undefined:undefined:undefined":14,"s:93:2:99:Infinity":41,"b:94:4:94:Infinity:95:5:95:Infinity:96:6:96:Infinity":15,"s:98:4:98:Infinity":42,"s:100:2:100:Infinity":43,"s:103:19:120:Infinity":44,"f:103:19:103:Infinity":4,"b:105:24:105:29":16,"s:107:16:107:Infinity":45,"s:108:42:110:Infinity":46,"b:112:2:114:Infinity:undefined:undefined:undefined:undefined":17,"s:112:2:114:Infinity":47,"s:113:4:113:Infinity":48,"b:116:2:118:Infinity:undefined:undefined:undefined:undefined":18,"s:116:2:118:Infinity":49,"s:117:4:117:Infinity":50,"s:119:2:119:Infinity":51,"s:122:25:218:Infinity":52,"f:123:8:123:Infinity":5,"s:128:20:128:Infinity":53,"s:129:4:129:Infinity":54,"s:131:22:131:Infinity":55,"b:132:4:146:Infinity:undefined:undefined:undefined:undefined":19,"s:132:4:146:Infinity":56,"s:133:27:133:Infinity":57,"s:134:6:142:Infinity":58,"f:134:37:134:38":6,"b:135:8:141:Infinity:undefined:undefined:undefined:undefined":20,"s:135:8:141:Infinity":59,"b:135:12:135:35:135:35:135:51":21,"b:136:10:140:Infinity:138:17:140:Infinity":22,"s:136:10:140:Infinity":60,"s:137:12:137:Infinity":61,"f:137:26:137:27":7,"s:137:33:137:Infinity":62,"s:139:12:139:Infinity":63,"s:143:6:145:Infinity":64,"b:144:10:144:39:145:10:145:Infinity":23,"s:148:21:151:Infinity":65,"s:152:4:152:Infinity":66,"f:155:8:155:Infinity":8,"s:160:20:160:Infinity":67,"s:161:23:161:Infinity":68,"s:162:4:162:Infinity":69,"b:162:45:162:60:162:60:162:Infinity":24,"s:164:21:168:Infinity":70,"b:167:25:167:32:167:32:167:Infinity":25,"b:167:39:167:62:167:62:167:Infinity":26,"s:169:4:169:Infinity":71,"f:172:8:172:Infinity":9,"s:177:20:177:Infinity":72,"s:178:23:178:Infinity":73,"s:179:4:179:Infinity":74,"b:179:44:179:59:179:59:179:Infinity":27,"s:181:21:185:Infinity":75,"b:184:25:184:32:184:32:184:Infinity":28,"b:184:39:184:62:184:62:184:Infinity":29,"s:186:4:186:Infinity":76,"f:189:8:189:Infinity":10,"s:194:20:194:Infinity":77,"s:195:23:195:Infinity":78,"s:196:4:196:Infinity":79,"b:196:46:196:61:196:61:196:Infinity":30,"s:198:21:202:Infinity":80,"b:201:25:201:32:201:32:201:Infinity":31,"b:201:39:201:62:201:62:201:Infinity":32,"s:203:4:203:Infinity":81,"f:206:8:206:Infinity":11,"s:210:20:210:Infinity":82,"s:211:4:211:Infinity":83,"s:212:21:215:Infinity":84,"s:216:4:216:Infinity":85}}}
,"E:\\L2 Project\\hotel-and-restaurant-review-management-system\\frontend\\src\\components\\shared\\LogoutConfirmationModal.tsx": {"path":"E:\\L2 Project\\hotel-and-restaurant-review-management-system\\frontend\\src\\components\\shared\\LogoutConfirmationModal.tsx","statementMap":{"0":{"start":{"line":20,"column":72},"end":{"line":91,"column":null}},"1":{"start":{"line":25,"column":2},"end":{"line":25,"column":null}},"2":{"start":{"line":25,"column":15},"end":{"line":25,"column":null}},"3":{"start":{"line":27,"column":2},"end":{"line":83,"column":null}},"4":{"start":{"line":39,"column":26},"end":{"line":39,"column":null}}},"fnMap":{"0":{"name":"(anonymous_0)","decl":{"start":{"line":20,"column":72},"end":{"line":20,"column":73}},"loc":{"start":{"line":24,"column":1},"end":{"line":91,"column":null}},"line":24},"1":{"name":"(anonymous_1)","decl":{"start":{"line":39,"column":19},"end":{"line":39,"column":20}},"loc":{"start":{"line":39,"column":26},"end":{"line":39,"column":null}},"line":39}},"branchMap":{"0":{"loc":{"start":{"line":25,"column":2},"end":{"line":25,"column":null}},"type":"if","locations":[{"start":{"line":25,"column":2},"end":{"line":25,"column":null}},{"start":{},"end":{}}],"line":25}},"s":{"0":1,"1":0,"2":0,"3":0,"4":0},"f":{"0":0,"1":0},"b":{"0":[0,0]},"meta":{"lastBranch":1,"lastFunction":2,"lastStatement":5,"seen":{"s:20:72:91:Infinity":0,"f:20:72:20:73":0,"b:25:2:25:Infinity:undefined:undefined:undefined:undefined":0,"s:25:2:25:Infinity":1,"s:25:15:25:Infinity":2,"s:27:2:83:Infinity":3,"f:39:19:39:20":1,"s:39:26:39:Infinity":4}}}
,"E:\\L2 Project\\hotel-and-restaurant-review-management-system\\frontend\\src\\components\\shared\\ScrapeLauncher.tsx": {"path":"E:\\L2 Project\\hotel-and-restaurant-review-management-system\\frontend\\src\\components\\shared\\ScrapeLauncher.tsx","statementMap":{"0":{"start":{"line":11,"column":6},"end":{"line":11,"column":null}},"1":{"start":{"line":15,"column":33},"end":{"line":158,"column":null}},"2":{"start":{"line":16,"column":21},"end":{"line":16,"column":null}},"3":{"start":{"line":17,"column":27},"end":{"line":17,"column":null}},"4":{"start":{"line":18,"column":29},"end":{"line":19,"column":null}},"5":{"start":{"line":21,"column":31},"end":{"line":21,"column":null}},"6":{"start":{"line":23,"column":22},"end":{"line":57,"column":null}},"7":{"start":{"line":24,"column":20},"end":{"line":24,"column":null}},"8":{"start":{"line":25,"column":4},"end":{"line":29,"column":null}},"9":{"start":{"line":26,"column":6},"end":{"line":26,"column":null}},"10":{"start":{"line":27,"column":6},"end":{"line":27,"column":null}},"11":{"start":{"line":28,"column":6},"end":{"line":28,"column":null}},"12":{"start":{"line":31,"column":4},"end":{"line":31,"column":null}},"13":{"start":{"line":32,"column":4},"end":{"line":32,"column":null}},"14":{"start":{"line":34,"column":4},"end":{"line":56,"column":null}},"15":{"start":{"line":35,"column":23},"end":{"line":39,"column":null}},"16":{"start":{"line":41,"column":6},"end":{"line":44,"column":null}},"17":{"start":{"line":42,"column":26},"end":{"line":42,"column":null}},"18":{"start":{"line":43,"column":8},"end":{"line":43,"column":null}},"19":{"start":{"line":46,"column":19},"end":{"line":46,"column":null}},"20":{"start":{"line":47,"column":6},"end":{"line":47,"column":null}},"21":{"start":{"line":48,"column":6},"end":{"line":49,"column":null}},"22":{"start":{"line":53,"column":8},"end":{"line":53,"column":null}},"23":{"start":{"line":54,"column":6},"end":{"line":54,"column":null}},"24":{"start":{"line":55,"column":6},"end":{"line":55,"column":null}},"25":{"start":{"line":59,"column":27},"end":{"line":65,"column":null}},"26":{"start":{"line":60,"column":4},"end":{"line":61,"column":null}},"27":{"start":{"line":61,"column":6},"end":{"line":61,"column":null}},"28":{"start":{"line":62,"column":4},"end":{"line":62,"column":null}},"29":{"start":{"line":62,"column":30},"end":{"line":62,"column":null}},"30":{"start":{"line":63,"column":4},"end":{"line":63,"column":null}},"31":{"start":{"line":63,"column":28},"end":{"line":63,"column":null}},"32":{"start":{"line":64,"column":4},"end":{"line":64,"column":null}},"33":{"start":{"line":67,"column":2},"end":{"line":153,"column":null}},"34":{"start":{"line":108,"column":27},"end":{"line":108,"column":null}},"35":{"start":{"line":110,"column":12},"end":{"line":110,"column":null}},"36":{"start":{"line":110,"column":35},"end":{"line":110,"column":null}},"37":{"start":{"line":138,"column":29},"end":{"line":138,"column":null}}},"fnMap":{"0":{"name":"(anonymous_0)","decl":{"start":{"line":15,"column":33},"end":{"line":15,"column":null}},"loc":{"start":{"line":15,"column":33},"end":{"line":158,"column":null}},"line":15},"1":{"name":"(anonymous_1)","decl":{"start":{"line":23,"column":22},"end":{"line":23,"column":null}},"loc":{"start":{"line":23,"column":22},"end":{"line":57,"column":null}},"line":23},"2":{"name":"(anonymous_2)","decl":{"start":{"line":59,"column":27},"end":{"line":59,"column":null}},"loc":{"start":{"line":59,"column":27},"end":{"line":65,"column":null}},"line":59},"3":{"name":"(anonymous_3)","decl":{"start":{"line":108,"column":20},"end":{"line":108,"column":21}},"loc":{"start":{"line":108,"column":27},"end":{"line":108,"column":null}},"line":108},"4":{"name":"(anonymous_4)","decl":{"start":{"line":109,"column":21},"end":{"line":109,"column":22}},"loc":{"start":{"line":109,"column":22},"end":{"line":111,"column":null}},"line":109},"5":{"name":"(anonymous_5)","decl":{"start":{"line":138,"column":22},"end":{"line":138,"column":23}},"loc":{"start":{"line":138,"column":29},"end":{"line":138,"column":null}},"line":138}},"branchMap":{"0":{"loc":{"start":{"line":25,"column":4},"end":{"line":29,"column":null}},"type":"if","locations":[{"start":{"line":25,"column":4},"end":{"line":29,"column":null}},{"start":{},"end":{}}],"line":25},"1":{"loc":{"start":{"line":41,"column":6},"end":{"line":44,"column":null}},"type":"if","locations":[{"start":{"line":41,"column":6},"end":{"line":44,"column":null}},{"start":{},"end":{}}],"line":41},"2":{"loc":{"start":{"line":43,"column":24},"end":{"line":43,"column":null}},"type":"binary-expr","locations":[{"start":{"line":43,"column":24},"end":{"line":43,"column":37}},{"start":{"line":43,"column":37},"end":{"line":43,"column":null}}],"line":43},"3":{"loc":{"start":{"line":49,"column":8},"end":{"line":49,"column":null}},"type":"binary-expr","locations":[{"start":{"line":49,"column":8},"end":{"line":49,"column":20}},{"start":{"line":49,"column":24},"end":{"line":49,"column":null}}],"line":49},"4":{"loc":{"start":{"line":53,"column":8},"end":{"line":53,"column":null}},"type":"cond-expr","locations":[{"start":{"line":53,"column":31},"end":{"line":53,"column":42}},{"start":{"line":53,"column":45},"end":{"line":53,"column":null}}],"line":53},"5":{"loc":{"start":{"line":60,"column":4},"end":{"line":61,"column":null}},"type":"if","locations":[{"start":{"line":60,"column":4},"end":{"line":61,"column":null}},{"start":{},"end":{}}],"line":60},"6":{"loc":{"start":{"line":62,"column":4},"end":{"line":62,"column":null}},"type":"if","locations":[{"start":{"line":62,"column":4},"end":{"line":62,"column":null}},{"start":{},"end":{}}],"line":62},"7":{"loc":{"start":{"line":63,"column":4},"end":{"line":63,"column":null}},"type":"if","locations":[{"start":{"line":63,"column":4},"end":{"line":63,"column":null}},{"start":{},"end":{}}],"line":63},"8":{"loc":{"start":{"line":81,"column":12},"end":{"line":87,"column":null}},"type":"cond-expr","locations":[{"start":{"line":82,"column":16},"end":{"line":82,"column":null}},{"start":{"line":83,"column":16},"end":{"line":87,"column":null}}],"line":81},"9":{"loc":{"start":{"line":83,"column":16},"end":{"line":87,"column":null}},"type":"cond-expr","locations":[{"start":{"line":84,"column":18},"end":{"line":84,"column":null}},{"start":{"line":85,"column":18},"end":{"line":87,"column":null}}],"line":83},"10":{"loc":{"start":{"line":85,"column":18},"end":{"line":87,"column":null}},"type":"cond-expr","locations":[{"start":{"line":86,"column":20},"end":{"line":86,"column":null}},{"start":{"line":87,"column":20},"end":{"line":87,"column":null}}],"line":85},"11":{"loc":{"start":{"line":92,"column":13},"end":{"line":92,"column":null}},"type":"binary-expr","locations":[{"start":{"line":92,"column":13},"end":{"line":92,"column":34}},{"start":{"line":92,"column":34},"end":{"line":92,"column":null}}],"line":92},"12":{"loc":{"start":{"line":93,"column":13},"end":{"line":93,"column":null}},"type":"binary-expr","locations":[{"start":{"line":93,"column":13},"end":{"line":93,"column":37}},{"start":{"line":93,"column":37},"end":{"line":93,"column":null}}],"line":93},"13":{"loc":{"start":{"line":94,"column":13},"end":{"line":94,"column":null}},"type":"binary-expr","locations":[{"start":{"line":94,"column":13},"end":{"line":94,"column":37}},{"start":{"line":94,"column":37},"end":{"line":94,"column":null}}],"line":94},"14":{"loc":{"start":{"line":95,"column":13},"end":{"line":95,"column":null}},"type":"binary-expr","locations":[{"start":{"line":95,"column":13},"end":{"line":95,"column":35}},{"start":{"line":95,"column":35},"end":{"line":95,"column":null}}],"line":95},"15":{"loc":{"start":{"line":110,"column":12},"end":{"line":110,"column":null}},"type":"if","locations":[{"start":{"line":110,"column":12},"end":{"line":110,"column":null}},{"start":{},"end":{}}],"line":110},"16":{"loc":{"start":{"line":118,"column":11},"end":{"line":126,"column":null}},"type":"cond-expr","locations":[{"start":{"line":118,"column":22},"end":{"line":124,"column":null}},{"start":{"line":124,"column":12},"end":{"line":126,"column":null}}],"line":118},"17":{"loc":{"start":{"line":144,"column":12},"end":{"line":150,"column":null}},"type":"cond-expr","locations":[{"start":{"line":145,"column":16},"end":{"line":145,"column":null}},{"start":{"line":146,"column":16},"end":{"line":150,"column":null}}],"line":144},"18":{"loc":{"start":{"line":146,"column":16},"end":{"line":150,"column":null}},"type":"cond-expr","locations":[{"start":{"line":147,"column":18},"end":{"line":147,"column":null}},{"start":{"line":148,"column":18},"end":{"line":150,"column":null}}],"line":146},"19":{"loc":{"start":{"line":148,"column":18},"end":{"line":150,"column":null}},"type":"cond-expr","locations":[{"start":{"line":149,"column":20},"end":{"line":149,"column":null}},{"start":{"line":150,"column":20},"end":{"line":150,"column":null}}],"line":148}},"s":{"0":1,"1":1,"2":0,"3":0,"4":0,"5":0,"6":0,"7":0,"8":0,"9":0,"10":0,"11":0,"12":0,"13":0,"14":0,"15":0,"16":0,"17":0,"18":0,"19":0,"20":0,"21":0,"22":0,"23":0,"24":0,"25":0,"26":0,"27":0,"28":0,"29":0,"30":0,"31":0,"32":0,"33":0,"34":0,"35":0,"36":0,"37":0},"f":{"0":0,"1":0,"2":0,"3":0,"4":0,"5":0},"b":{"0":[0,0],"1":[0,0],"2":[0,0],"3":[0,0],"4":[0,0],"5":[0,0],"6":[0,0],"7":[0,0],"8":[0,0],"9":[0,0],"10":[0,0],"11":[0,0],"12":[0,0],"13":[0,0],"14":[0,0],"15":[0,0],"16":[0,0],"17":[0,0],"18":[0,0],"19":[0,0]},"meta":{"lastBranch":20,"lastFunction":6,"lastStatement":38,"seen":{"s:11:6:11:Infinity":0,"s:15:33:158:Infinity":1,"f:15:33:15:Infinity":0,"s:16:21:16:Infinity":2,"s:17:27:17:Infinity":3,"s:18:29:19:Infinity":4,"s:21:31:21:Infinity":5,"s:23:22:57:Infinity":6,"f:23:22:23:Infinity":1,"s:24:20:24:Infinity":7,"b:25:4:29:Infinity:undefined:undefined:undefined:undefined":0,"s:25:4:29:Infinity":8,"s:26:6:26:Infinity":9,"s:27:6:27:Infinity":10,"s:28:6:28:Infinity":11,"s:31:4:31:Infinity":12,"s:32:4:32:Infinity":13,"s:34:4:56:Infinity":14,"s:35:23:39:Infinity":15,"b:41:6:44:Infinity:undefined:undefined:undefined:undefined":1,"s:41:6:44:Infinity":16,"s:42:26:42:Infinity":17,"s:43:8:43:Infinity":18,"b:43:24:43:37:43:37:43:Infinity":2,"s:46:19:46:Infinity":19,"s:47:6:47:Infinity":20,"s:48:6:49:Infinity":21,"b:49:8:49:20:49:24:49:Infinity":3,"s:53:8:53:Infinity":22,"b:53:31:53:42:53:45:53:Infinity":4,"s:54:6:54:Infinity":23,"s:55:6:55:Infinity":24,"s:59:27:65:Infinity":25,"f:59:27:59:Infinity":2,"b:60:4:61:Infinity:undefined:undefined:undefined:undefined":5,"s:60:4:61:Infinity":26,"s:61:6:61:Infinity":27,"b:62:4:62:Infinity:undefined:undefined:undefined:undefined":6,"s:62:4:62:Infinity":28,"s:62:30:62:Infinity":29,"b:63:4:63:Infinity:undefined:undefined:undefined:undefined":7,"s:63:4:63:Infinity":30,"s:63:28:63:Infinity":31,"s:64:4:64:Infinity":32,"s:67:2:153:Infinity":33,"b:82:16:82:Infinity:83:16:87:Infinity":8,"b:84:18:84:Infinity:85:18:87:Infinity":9,"b:86:20:86:Infinity:87:20:87:Infinity":10,"b:92:13:92:34:92:34:92:Infinity":11,"b:93:13:93:37:93:37:93:Infinity":12,"b:94:13:94:37:94:37:94:Infinity":13,"b:95:13:95:35:95:35:95:Infinity":14,"f:108:20:108:21":3,"s:108:27:108:Infinity":34,"f:109:21:109:22":4,"b:110:12:110:Infinity:undefined:undefined:undefined:undefined":15,"s:110:12:110:Infinity":35,"s:110:35:110:Infinity":36,"b:118:22:124:Infinity:124:12:126:Infinity":16,"f:138:22:138:23":5,"s:138:29:138:Infinity":37,"b:145:16:145:Infinity:146:16:150:Infinity":17,"b:147:18:147:Infinity:148:18:150:Infinity":18,"b:149:20:149:Infinity:150:20:150:Infinity":19}}}
,"E:\\L2 Project\\hotel-and-restaurant-review-management-system\\frontend\\src\\components\\shared\\SideBar.tsx": {"path":"E:\\L2 Project\\hotel-and-restaurant-review-management-system\\frontend\\src\\components\\shared\\SideBar.tsx","statementMap":{"0":{"start":{"line":26,"column":40},"end":{"line":116,"column":null}},"1":{"start":{"line":27,"column":49},"end":{"line":27,"column":null}},"2":{"start":{"line":28,"column":63},"end":{"line":28,"column":null}},"3":{"start":{"line":29,"column":18},"end":{"line":29,"column":null}},"4":{"start":{"line":30,"column":8},"end":{"line":30,"column":null}},"5":{"start":{"line":32,"column":2},"end":{"line":53,"column":null}},"6":{"start":{"line":33,"column":20},"end":{"line":33,"column":null}},"7":{"start":{"line":35,"column":31},"end":{"line":44,"column":null}},"8":{"start":{"line":36,"column":6},"end":{"line":43,"column":null}},"9":{"start":{"line":37,"column":23},"end":{"line":37,"column":null}},"10":{"start":{"line":38,"column":8},"end":{"line":40,"column":null}},"11":{"start":{"line":39,"column":10},"end":{"line":39,"column":null}},"12":{"start":{"line":42,"column":8},"end":{"line":42,"column":null}},"13":{"start":{"line":46,"column":4},"end":{"line":46,"column":null}},"14":{"start":{"line":47,"column":23},"end":{"line":47,"column":null}},"15":{"start":{"line":49,"column":4},"end":{"line":52,"column":null}},"16":{"start":{"line":50,"column":6},"end":{"line":50,"column":null}},"17":{"start":{"line":51,"column":6},"end":{"line":51,"column":null}},"18":{"start":{"line":56,"column":4},"end":{"line":71,"column":null}},"19":{"start":{"line":56,"column":48},"end":{"line":71,"column":null}},"20":{"start":{"line":59,"column":8},"end":{"line":61,"column":null}},"21":{"start":{"line":60,"column":10},"end":{"line":60,"column":null}},"22":{"start":{"line":63,"column":8},"end":{"line":69,"column":null}},"23":{"start":{"line":76,"column":30},"end":{"line":80,"column":null}},"24":{"start":{"line":77,"column":4},"end":{"line":77,"column":null}},"25":{"start":{"line":78,"column":4},"end":{"line":78,"column":null}},"26":{"start":{"line":79,"column":4},"end":{"line":79,"column":null}},"27":{"start":{"line":82,"column":2},"end":{"line":112,"column":null}},"28":{"start":{"line":91,"column":48},"end":{"line":93,"column":null}},"29":{"start":{"line":105,"column":31},"end":{"line":105,"column":null}},"30":{"start":{"line":111,"column":23},"end":{"line":111,"column":null}},"31":{"start":{"line":125,"column":5},"end":{"line":280,"column":null}},"32":{"start":{"line":126,"column":8},"end":{"line":126,"column":null}},"33":{"start":{"line":126,"column":56},"end":{"line":126,"column":75}},"34":{"start":{"line":127,"column":8},"end":{"line":127,"column":null}},"35":{"start":{"line":127,"column":53},"end":{"line":127,"column":69}},"36":{"start":{"line":128,"column":8},"end":{"line":129,"column":null}},"37":{"start":{"line":129,"column":15},"end":{"line":129,"column":39}},"38":{"start":{"line":131,"column":8},"end":{"line":132,"column":null}},"39":{"start":{"line":132,"column":15},"end":{"line":132,"column":36}},"40":{"start":{"line":134,"column":43},"end":{"line":134,"column":null}},"41":{"start":{"line":135,"column":8},"end":{"line":135,"column":null}},"42":{"start":{"line":137,"column":2},"end":{"line":148,"column":null}},"43":{"start":{"line":138,"column":31},"end":{"line":145,"column":null}},"44":{"start":{"line":139,"column":6},"end":{"line":144,"column":null}},"45":{"start":{"line":143,"column":8},"end":{"line":143,"column":null}},"46":{"start":{"line":146,"column":4},"end":{"line":146,"column":null}},"47":{"start":{"line":147,"column":4},"end":{"line":147,"column":null}},"48":{"start":{"line":147,"column":17},"end":{"line":147,"column":null}},"49":{"start":{"line":150,"column":2},"end":{"line":150,"column":null}},"50":{"start":{"line":150,"column":19},"end":{"line":150,"column":null}},"51":{"start":{"line":155,"column":22},"end":{"line":162,"column":null}},"52":{"start":{"line":156,"column":4},"end":{"line":161,"column":null}},"53":{"start":{"line":158,"column":18},"end":{"line":158,"column":22}},"54":{"start":{"line":164,"column":2},"end":{"line":273,"column":null}},"55":{"start":{"line":169,"column":12},"end":{"line":173,"column":null}},"56":{"start":{"line":170,"column":14},"end":{"line":170,"column":null}},"57":{"start":{"line":172,"column":14},"end":{"line":172,"column":null}},"58":{"start":{"line":228,"column":32},"end":{"line":230,"column":null}},"59":{"start":{"line":232,"column":18},"end":{"line":232,"column":null}},"60":{"start":{"line":233,"column":18},"end":{"line":233,"column":null}},"61":{"start":{"line":265,"column":16},"end":{"line":265,"column":null}},"62":{"start":{"line":266,"column":16},"end":{"line":266,"column":null}},"63":{"start":{"line":291,"column":5},"end":{"line":319,"column":null}},"64":{"start":{"line":292,"column":2},"end":{"line":310,"column":null}},"65":{"start":{"line":308,"column":28},"end":{"line":310,"column":null}},"66":{"start":{"line":330,"column":5},"end":{"line":411,"column":null}},"67":{"start":{"line":331,"column":8},"end":{"line":331,"column":null}},"68":{"start":{"line":332,"column":8},"end":{"line":332,"column":null}},"69":{"start":{"line":333,"column":29},"end":{"line":333,"column":null}},"70":{"start":{"line":334,"column":18},"end":{"line":334,"column":null}},"71":{"start":{"line":337,"column":19},"end":{"line":341,"column":null}},"72":{"start":{"line":347,"column":22},"end":{"line":362,"column":null}},"73":{"start":{"line":348,"column":4},"end":{"line":348,"column":null}},"74":{"start":{"line":348,"column":20},"end":{"line":348,"column":null}},"75":{"start":{"line":350,"column":4},"end":{"line":353,"column":null}},"76":{"start":{"line":351,"column":6},"end":{"line":351,"column":18}},"77":{"start":{"line":352,"column":6},"end":{"line":352,"column":null}},"78":{"start":{"line":355,"column":4},"end":{"line":361,"column":null}},"79":{"start":{"line":356,"column":6},"end":{"line":356,"column":null}},"80":{"start":{"line":358,"column":6},"end":{"line":360,"column":null}},"81":{"start":{"line":359,"column":8},"end":{"line":359,"column":null}},"82":{"start":{"line":364,"column":2},"end":{"line":407,"column":null}},"83":{"start":{"line":421,"column":5},"end":{"line":444,"column":null}},"84":{"start":{"line":422,"column":2},"end":{"line":439,"column":null}},"85":{"start":{"line":425,"column":20},"end":{"line":427,"column":null}}},"fnMap":{"0":{"name":"(anonymous_0)","decl":{"start":{"line":26,"column":40},"end":{"line":26,"column":41}},"loc":{"start":{"line":26,"column":65},"end":{"line":116,"column":null}},"line":26},"1":{"name":"(anonymous_1)","decl":{"start":{"line":32,"column":12},"end":{"line":32,"column":null}},"loc":{"start":{"line":32,"column":12},"end":{"line":53,"column":5}},"line":32},"2":{"name":"(anonymous_2)","decl":{"start":{"line":35,"column":31},"end":{"line":35,"column":null}},"loc":{"start":{"line":35,"column":31},"end":{"line":44,"column":null}},"line":35},"3":{"name":"(anonymous_3)","decl":{"start":{"line":49,"column":11},"end":{"line":49,"column":null}},"loc":{"start":{"line":49,"column":11},"end":{"line":52,"column":null}},"line":49},"4":{"name":"(anonymous_4)","decl":{"start":{"line":56,"column":34},"end":{"line":56,"column":35}},"loc":{"start":{"line":56,"column":48},"end":{"line":71,"column":null}},"line":56},"5":{"name":"(anonymous_5)","decl":{"start":{"line":58,"column":31},"end":{"line":58,"column":32}},"loc":{"start":{"line":58,"column":32},"end":{"line":70,"column":null}},"line":58},"6":{"name":"(anonymous_6)","decl":{"start":{"line":76,"column":30},"end":{"line":76,"column":null}},"loc":{"start":{"line":76,"column":30},"end":{"line":80,"column":null}},"line":76},"7":{"name":"(anonymous_7)","decl":{"start":{"line":91,"column":38},"end":{"line":91,"column":39}},"loc":{"start":{"line":91,"column":48},"end":{"line":93,"column":null}},"line":91},"8":{"name":"(anonymous_8)","decl":{"start":{"line":105,"column":25},"end":{"line":105,"column":31}},"loc":{"start":{"line":105,"column":31},"end":{"line":105,"column":null}},"line":105},"9":{"name":"(anonymous_9)","decl":{"start":{"line":111,"column":17},"end":{"line":111,"column":23}},"loc":{"start":{"line":111,"column":23},"end":{"line":111,"column":null}},"line":111},"10":{"name":"(anonymous_10)","decl":{"start":{"line":125,"column":5},"end":{"line":125,"column":6}},"loc":{"start":{"line":125,"column":30},"end":{"line":280,"column":null}},"line":125},"11":{"name":"(anonymous_11)","decl":{"start":{"line":126,"column":45},"end":{"line":126,"column":46}},"loc":{"start":{"line":126,"column":56},"end":{"line":126,"column":75}},"line":126},"12":{"name":"(anonymous_12)","decl":{"start":{"line":127,"column":42},"end":{"line":127,"column":43}},"loc":{"start":{"line":127,"column":53},"end":{"line":127,"column":69}},"line":127},"13":{"name":"(anonymous_13)","decl":{"start":{"line":129,"column":4},"end":{"line":129,"column":5}},"loc":{"start":{"line":129,"column":15},"end":{"line":129,"column":39}},"line":129},"14":{"name":"(anonymous_14)","decl":{"start":{"line":132,"column":4},"end":{"line":132,"column":5}},"loc":{"start":{"line":132,"column":15},"end":{"line":132,"column":36}},"line":132},"15":{"name":"(anonymous_15)","decl":{"start":{"line":137,"column":12},"end":{"line":137,"column":null}},"loc":{"start":{"line":137,"column":12},"end":{"line":148,"column":5}},"line":137},"16":{"name":"(anonymous_16)","decl":{"start":{"line":138,"column":31},"end":{"line":138,"column":32}},"loc":{"start":{"line":138,"column":32},"end":{"line":145,"column":null}},"line":138},"17":{"name":"(anonymous_17)","decl":{"start":{"line":147,"column":11},"end":{"line":147,"column":17}},"loc":{"start":{"line":147,"column":17},"end":{"line":147,"column":null}},"line":147},"18":{"name":"(anonymous_18)","decl":{"start":{"line":155,"column":22},"end":{"line":155,"column":23}},"loc":{"start":{"line":155,"column":23},"end":{"line":162,"column":null}},"line":155},"19":{"name":"(anonymous_19)","decl":{"start":{"line":158,"column":11},"end":{"line":158,"column":12}},"loc":{"start":{"line":158,"column":18},"end":{"line":158,"column":22}},"line":158},"20":{"name":"(anonymous_20)","decl":{"start":{"line":168,"column":19},"end":{"line":168,"column":null}},"loc":{"start":{"line":168,"column":19},"end":{"line":174,"column":null}},"line":168},"21":{"name":"(anonymous_21)","decl":{"start":{"line":228,"column":31},"end":{"line":228,"column":32}},"loc":{"start":{"line":228,"column":32},"end":{"line":230,"column":null}},"line":228},"22":{"name":"(anonymous_22)","decl":{"start":{"line":231,"column":25},"end":{"line":231,"column":null}},"loc":{"start":{"line":231,"column":25},"end":{"line":234,"column":null}},"line":231},"23":{"name":"(anonymous_23)","decl":{"start":{"line":264,"column":23},"end":{"line":264,"column":null}},"loc":{"start":{"line":264,"column":23},"end":{"line":267,"column":null}},"line":264},"24":{"name":"(anonymous_24)","decl":{"start":{"line":291,"column":5},"end":{"line":291,"column":6}},"loc":{"start":{"line":291,"column":52},"end":{"line":319,"column":null}},"line":291},"25":{"name":"(anonymous_25)","decl":{"start":{"line":308,"column":27},"end":{"line":308,"column":28}},"loc":{"start":{"line":308,"column":28},"end":{"line":310,"column":null}},"line":308},"26":{"name":"(anonymous_26)","decl":{"start":{"line":330,"column":5},"end":{"line":330,"column":6}},"loc":{"start":{"line":330,"column":36},"end":{"line":411,"column":null}},"line":330},"27":{"name":"(anonymous_27)","decl":{"start":{"line":347,"column":22},"end":{"line":347,"column":null}},"loc":{"start":{"line":347,"column":22},"end":{"line":362,"column":null}},"line":347},"28":{"name":"(anonymous_28)","decl":{"start":{"line":421,"column":5},"end":{"line":421,"column":6}},"loc":{"start":{"line":421,"column":42},"end":{"line":444,"column":null}},"line":421},"29":{"name":"(anonymous_29)","decl":{"start":{"line":425,"column":19},"end":{"line":425,"column":20}},"loc":{"start":{"line":425,"column":20},"end":{"line":427,"column":null}},"line":425},"30":{"name":"(anonymous_30)","decl":{"start":{"line":430,"column":61},"end":{"line":430,"column":68}},"loc":{"start":{"line":430,"column":61},"end":{"line":430,"column":null}},"line":430}},"branchMap":{"0":{"loc":{"start":{"line":38,"column":8},"end":{"line":40,"column":null}},"type":"if","locations":[{"start":{"line":38,"column":8},"end":{"line":40,"column":null}},{"start":{},"end":{}}],"line":38},"1":{"loc":{"start":{"line":39,"column":57},"end":{"line":39,"column":null}},"type":"binary-expr","locations":[{"start":{"line":39,"column":57},"end":{"line":39,"column":69}},{"start":{"line":39,"column":73},"end":{"line":39,"column":null}}],"line":39},"2":{"loc":{"start":{"line":59,"column":8},"end":{"line":61,"column":null}},"type":"if","locations":[{"start":{"line":59,"column":8},"end":{"line":61,"column":null}},{"start":{},"end":{}}],"line":59},"3":{"loc":{"start":{"line":66,"column":12},"end":{"line":68,"column":null}},"type":"cond-expr","locations":[{"start":{"line":67,"column":16},"end":{"line":67,"column":null}},{"start":{"line":68,"column":16},"end":{"line":68,"column":null}}],"line":66},"4":{"loc":{"start":{"line":85,"column":24},"end":{"line":85,"column":46}},"type":"cond-expr","locations":[{"start":{"line":85,"column":37},"end":{"line":85,"column":43}},{"start":{"line":85,"column":43},"end":{"line":85,"column":46}}],"line":85},"5":{"loc":{"start":{"line":139,"column":6},"end":{"line":144,"column":null}},"type":"if","locations":[{"start":{"line":139,"column":6},"end":{"line":144,"column":null}},{"start":{},"end":{}}],"line":139},"6":{"loc":{"start":{"line":140,"column":8},"end":{"line":141,"column":null}},"type":"binary-expr","locations":[{"start":{"line":140,"column":8},"end":{"line":140,"column":27}},{"start":{"line":141,"column":8},"end":{"line":141,"column":null}}],"line":140},"7":{"loc":{"start":{"line":150,"column":2},"end":{"line":150,"column":null}},"type":"if","locations":[{"start":{"line":150,"column":2},"end":{"line":150,"column":null}},{"start":{},"end":{}}],"line":150},"8":{"loc":{"start":{"line":169,"column":12},"end":{"line":173,"column":null}},"type":"if","locations":[{"start":{"line":169,"column":12},"end":{"line":173,"column":null}},{"start":{"line":171,"column":19},"end":{"line":173,"column":null}}],"line":169},"9":{"loc":{"start":{"line":177,"column":14},"end":{"line":177,"column":null}},"type":"cond-expr","locations":[{"start":{"line":177,"column":27},"end":{"line":177,"column":77}},{"start":{"line":177,"column":77},"end":{"line":177,"column":null}}],"line":177},"10":{"loc":{"start":{"line":178,"column":14},"end":{"line":178,"column":null}},"type":"cond-expr","locations":[{"start":{"line":178,"column":31},"end":{"line":178,"column":64}},{"start":{"line":178,"column":64},"end":{"line":178,"column":null}}],"line":178},"11":{"loc":{"start":{"line":193,"column":14},"end":{"line":193,"column":null}},"type":"cond-expr","locations":[{"start":{"line":193,"column":27},"end":{"line":193,"column":50}},{"start":{"line":193,"column":50},"end":{"line":193,"column":null}}],"line":193},"12":{"loc":{"start":{"line":202,"column":65},"end":{"line":202,"column":null}},"type":"cond-expr","locations":[{"start":{"line":202,"column":82},"end":{"line":202,"column":97}},{"start":{"line":202,"column":97},"end":{"line":202,"column":null}}],"line":202},"13":{"loc":{"start":{"line":206,"column":15},"end":{"line":206,"column":null}},"type":"cond-expr","locations":[{"start":{"line":206,"column":48},"end":{"line":206,"column":62}},{"start":{"line":206,"column":62},"end":{"line":206,"column":null}}],"line":206},"14":{"loc":{"start":{"line":211,"column":9},"end":{"line":216,"column":null}},"type":"binary-expr","locations":[{"start":{"line":211,"column":9},"end":{"line":211,"column":null}},{"start":{"line":211,"column":9},"end":{"line":216,"column":null}}],"line":211},"15":{"loc":{"start":{"line":222,"column":7},"end":{"line":273,"column":null}},"type":"binary-expr","locations":[{"start":{"line":222,"column":7},"end":{"line":222,"column":25}},{"start":{"line":222,"column":25},"end":{"line":222,"column":null}},{"start":{"line":222,"column":25},"end":{"line":273,"column":null}}],"line":222},"16":{"loc":{"start":{"line":236,"column":18},"end":{"line":238,"column":null}},"type":"cond-expr","locations":[{"start":{"line":237,"column":22},"end":{"line":237,"column":null}},{"start":{"line":238,"column":22},"end":{"line":238,"column":null}}],"line":236},"17":{"loc":{"start":{"line":244,"column":22},"end":{"line":246,"column":null}},"type":"cond-expr","locations":[{"start":{"line":245,"column":26},"end":{"line":245,"column":null}},{"start":{"line":246,"column":26},"end":{"line":246,"column":null}}],"line":244},"18":{"loc":{"start":{"line":255,"column":17},"end":{"line":256,"column":null}},"type":"binary-expr","locations":[{"start":{"line":255,"column":17},"end":{"line":255,"column":41}},{"start":{"line":255,"column":41},"end":{"line":256,"column":null}}],"line":255},"19":{"loc":{"start":{"line":294,"column":7},"end":{"line":295,"column":null}},"type":"binary-expr","locations":[{"start":{"line":294,"column":7},"end":{"line":294,"column":null}},{"start":{"line":294,"column":7},"end":{"line":295,"column":null}}],"line":294},"20":{"loc":{"start":{"line":297,"column":7},"end":{"line":304,"column":null}},"type":"binary-expr","locations":[{"start":{"line":297,"column":7},"end":{"line":297,"column":20}},{"start":{"line":297,"column":20},"end":{"line":304,"column":null}}],"line":297},"21":{"loc":{"start":{"line":301,"column":12},"end":{"line":301,"column":null}},"type":"cond-expr","locations":[{"start":{"line":301,"column":25},"end":{"line":301,"column":41}},{"start":{"line":301,"column":41},"end":{"line":301,"column":null}}],"line":301},"22":{"loc":{"start":{"line":337,"column":19},"end":{"line":341,"column":null}},"type":"cond-expr","locations":[{"start":{"line":338,"column":6},"end":{"line":340,"column":null}},{"start":{"line":341,"column":6},"end":{"line":341,"column":null}}],"line":337},"23":{"loc":{"start":{"line":338,"column":6},"end":{"line":340,"column":null}},"type":"cond-expr","locations":[{"start":{"line":339,"column":8},"end":{"line":339,"column":null}},{"start":{"line":340,"column":8},"end":{"line":340,"column":null}}],"line":338},"24":{"loc":{"start":{"line":348,"column":4},"end":{"line":348,"column":null}},"type":"if","locations":[{"start":{"line":348,"column":4},"end":{"line":348,"column":null}},{"start":{},"end":{}}],"line":348},"25":{"loc":{"start":{"line":350,"column":4},"end":{"line":353,"column":null}},"type":"if","locations":[{"start":{"line":350,"column":4},"end":{"line":353,"column":null}},{
[...]
,0],"3":[0,0,0,0],"4":[0,0],"5":[0,0,0],"6":[0,0,0,0,0,0],"7":[0,0,0],"8":[0,0,0,0,0],"9":[0,0,0,0],"10":[0,0],"11":[0,0,0],"12":[0,0],"13":[0,0],"14":[0,0],"15":[0,0],"16":[0,0],"17":[0,0],"18":[0,0],"19":[0],"20":[0,0],"21":[0,0],"22":[0]},"meta":{"lastBranch":23,"lastFunction":17,"lastStatement":74,"seen":{"s:4:19:4:Infinity":0,"f:4:19:4:33":0,"s:21:24:36:Infinity":1,"f:21:24:21:Infinity":1,"s:22:16:22:Infinity":2,"b:23:2:23:Infinity:undefined:undefined:undefined:undefined":0,"s:23:2:23:Infinity":3,"s:23:14:23:Infinity":4,"s:25:16:25:Infinity":5,"b:26:2:26:Infinity:undefined:undefined:undefined:undefined":1,"s:26:2:26:Infinity":6,"s:26:24:26:Infinity":7,"s:28:2:35:Infinity":8,"s:29:23:29:Infinity":9,"s:30:19:30:Infinity":10,"s:31:20:31:Infinity":11,"s:32:4:32:Infinity":12,"s:34:4:34:Infinity":13,"s:38:23:96:Infinity":14,"f:38:23:38:Infinity":2,"s:39:14:39:Infinity":15,"s:40:23:40:Infinity":16,"b:42:2:54:Infinity:undefined:undefined:undefined:undefined":2,"s:42:2:54:Infinity":17,"s:43:4:53:Infinity":18,"b:45:8:45:33:45:33:45:53:45:53:45:74:45:74:45:Infinity":3,"b:46:13:46:36:46:36:46:Infinity":4,"b:48:8:48:Infinity:49:9:51:30:52:8:52:Infinity":5,"s:56:2:95:Infinity":19,"s:57:19:57:Infinity":20,"s:65:4:82:Infinity":21,"b:67:8:67:22:68:8:68:17:69:8:69:Infinity:70:8:70:Infinity:71:8:71:Infinity:72:8:72:Infinity":6,"b:73:13:73:25:73:29:73:52:73:52:73:Infinity":7,"b:75:8:75:19:76:9:76:68:77:8:77:Infinity:78:9:80:30:81:8:81:Infinity":8,"s:84:4:94:Infinity":22,"b:86:8:86:33:86:33:86:53:86:53:86:74:86:74:86:Infinity":9,"b:87:13:87:36:87:36:87:Infinity":10,"b:89:8:89:Infinity:90:9:92:30:93:8:93:Infinity":11,"f:101:2:101:14":3,"s:102:4:99:Infinity":23,"s:103:4:103:Infinity":24,"s:107:20:129:Infinity":25,"f:107:20:107:30":4,"s:108:16:108:Infinity":26,"s:109:18:109:Infinity":27,"s:110:2:110:Infinity":28,"b:112:2:114:Infinity:undefined:undefined:undefined:undefined":12,"s:112:2:114:Infinity":29,"s:113:4:113:Infinity":30,"s:116:19:119:Infinity":31,"b:121:2:126:Infinity:undefined:undefined:undefined:undefined":13,"s:121:2:126:Infinity":32,"s:122:4:124:Infinity":33,"s:128:2:128:Infinity":34,"s:131:32:146:Infinity":35,"f:131:32:131:Infinity":5,"s:137:2:143:Infinity":36,"s:138:4:142:Infinity":37,"s:139:6:139:Infinity":38,"s:141:6:141:Infinity":39,"s:145:2:145:Infinity":40,"s:175:19:191:Infinity":41,"f:175:19:175:20":6,"s:176:22:176:Infinity":42,"s:177:17:177:Infinity":43,"b:179:2:183:Infinity:181:9:183:Infinity":14,"s:179:2:183:Infinity":44,"s:180:4:180:Infinity":45,"b:181:9:183:Infinity:undefined:undefined:undefined:undefined":15,"s:181:9:183:Infinity":46,"s:182:4:182:Infinity":47,"s:185:2:187:Infinity":48,"b:185:17:185:32:185:32:185:36":16,"f:185:44:185:45":7,"s:186:4:186:Infinity":49,"s:189:16:189:Infinity":50,"s:190:2:190:Infinity":51,"b:190:17:190:28:190:31:190:Infinity":17,"s:193:16:196:Infinity":52,"f:193:16:193:Infinity":8,"s:194:15:194:Infinity":53,"b:194:15:194:36:194:40:194:Infinity":18,"s:195:2:195:Infinity":54,"s:198:19:207:Infinity":55,"f:198:19:198:Infinity":9,"b:201:10:201:12":19,"s:203:20:203:Infinity":56,"b:203:32:203:44:203:44:203:Infinity":20,"s:204:19:204:Infinity":57,"b:204:31:204:42:204:42:204:Infinity":21,"s:205:17:205:Infinity":58,"s:206:2:206:Infinity":59,"f:206:32:206:33":10,"s:206:42:206:59":60,"s:209:36:299:Infinity":61,"f:210:8:210:25":11,"b:210:33:210:35":22,"s:211:18:211:Infinity":62,"s:212:4:214:Infinity":63,"f:218:8:218:Infinity":12,"s:219:18:219:Infinity":64,"s:220:4:228:Infinity":65,"f:232:8:232:Infinity":13,"s:235:18:235:Infinity":66,"s:236:4:242:Infinity":67,"f:246:8:246:Infinity":14,"s:251:18:251:Infinity":68,"s:252:4:262:Infinity":69,"f:266:8:266:Infinity":15,"s:271:18:271:Infinity":70,"s:272:4:282:Infinity":71,"f:286:8:286:Infinity":16,"s:289:18:289:Infinity":72,"s:290:4:296:Infinity":73}}}
,"E:\\L2 Project\\hotel-and-restaurant-review-management-system\\frontend\\src\\stores\\useOrganizationStore.ts": {"path":"E:\\L2 Project\\hotel-and-restaurant-review-management-system\\frontend\\src\\stores\\useOrganizationStore.ts","statementMap":{"0":{"start":{"line":16,"column":24},"end":{"line":40,"column":null}},"1":{"start":{"line":20,"column":2},"end":{"line":39,"column":null}},"2":{"start":{"line":21,"column":16},"end":{"line":21,"column":null}},"3":{"start":{"line":22,"column":22},"end":{"line":22,"column":null}},"4":{"start":{"line":23,"column":4},"end":{"line":23,"column":null}},"5":{"start":{"line":23,"column":14},"end":{"line":23,"column":null}},"6":{"start":{"line":25,"column":24},"end":{"line":25,"column":null}},"7":{"start":{"line":26,"column":33},"end":{"line":30,"column":null}},"8":{"start":{"line":26,"column":50},"end":{"line":30,"column":null}},"9":{"start":{"line":33,"column":6},"end":{"line":34,"column":null}},"10":{"start":{"line":33,"column":23},"end":{"line":33,"column":null}},"11":{"start":{"line":36,"column":4},"end":{"line":36,"column":null}},"12":{"start":{"line":38,"column":4},"end":{"line":38,"column":null}},"13":{"start":{"line":42,"column":13},"end":{"line":83,"column":null}},"14":{"start":{"line":42,"column":77},"end":{"line":83,"column":null}},"15":{"start":{"line":50,"column":4},"end":{"line":68,"column":null}},"16":{"start":{"line":51,"column":6},"end":{"line":51,"column":null}},"17":{"start":{"line":54,"column":44},"end":{"line":54,"column":null}},"18":{"start":{"line":56,"column":6},"end":{"line":61,"column":null}},"19":{"start":{"line":63,"column":6},"end":{"line":67,"column":null}},"20":{"start":{"line":72,"column":30},"end":{"line":72,"column":null}},"21":{"start":{"line":73,"column":16},"end":{"line":73,"column":null}},"22":{"start":{"line":73,"column":42},"end":{"line":73,"column":null}},"23":{"start":{"line":74,"column":4},"end":{"line":77,"column":null}},"24":{"start":{"line":75,"column":6},"end":{"line":75,"column":null}},"25":{"start":{"line":76,"column":6},"end":{"line":76,"column":null}},"26":{"start":{"line":81,"column":4},"end":{"line":81,"column":null}}},"fnMap":{"0":{"name":"(anonymous_0)","decl":{"start":{"line":16,"column":24},"end":{"line":16,"column":null}},"loc":{"start":{"line":16,"column":24},"end":{"line":40,"column":null}},"line":16},"1":{"name":"(anonymous_1)","decl":{"start":{"line":26,"column":42},"end":{"line":26,"column":43}},"loc":{"start":{"line":26,"column":50},"end":{"line":30,"column":null}},"line":26},"2":{"name":"(anonymous_2)","decl":{"start":{"line":33,"column":16},"end":{"line":33,"column":17}},"loc":{"start":{"line":33,"column":23},"end":{"line":33,"column":null}},"line":33},"3":{"name":"(anonymous_3)","decl":{"start":{"line":42,"column":62},"end":{"line":42,"column":63}},"loc":{"start":{"line":42,"column":77},"end":{"line":83,"column":null}},"line":42},"4":{"name":"(anonymous_4)","decl":{"start":{"line":49,"column":22},"end":{"line":49,"column":null}},"loc":{"start":{"line":49,"column":22},"end":{"line":69,"column":null}},"line":49},"5":{"name":"(anonymous_5)","decl":{"start":{"line":71,"column":22},"end":{"line":71,"column":23}},"loc":{"start":{"line":71,"column":23},"end":{"line":78,"column":null}},"line":71},"6":{"name":"(anonymous_6)","decl":{"start":{"line":73,"column":35},"end":{"line":73,"column":36}},"loc":{"start":{"line":73,"column":42},"end":{"line":73,"column":null}},"line":73},"7":{"name":"(anonymous_7)","decl":{"start":{"line":80,"column":19},"end":{"line":80,"column":null}},"loc":{"start":{"line":80,"column":19},"end":{"line":82,"column":null}},"line":80}},"branchMap":{"0":{"loc":{"start":{"line":23,"column":4},"end":{"line":23,"column":null}},"type":"if","locations":[{"start":{"line":23,"column":4},"end":{"line":23,"column":null}},{"start":{},"end":{}}],"line":23},"1":{"loc":{"start":{"line":27,"column":10},"end":{"line":27,"column":null}},"type":"binary-expr","locations":[{"start":{"line":27,"column":10},"end":{"line":27,"column":27}},{"start":{"line":27,"column":31},"end":{"line":27,"column":35}},{"start":{"line":27,"column":39},"end":{"line":27,"column":null}}],"line":27},"2":{"loc":{"start":{"line":28,"column":12},"end":{"line":28,"column":null}},"type":"binary-expr","locations":[{"start":{"line":28,"column":12},"end":{"line":28,"column":31}},{"start":{"line":28,"column":35},"end":{"line":28,"column":41}},{"start":{"line":28,"column":45},"end":{"line":28,"column":null}}],"line":28},"3":{"loc":{"start":{"line":29,"column":14},"end":{"line":29,"column":null}},"type":"binary-expr","locations":[{"start":{"line":29,"column":14},"end":{"line":29,"column":22}},{"start":{"line":29,"column":26},"end":{"line":29,"column":null}}],"line":29},"4":{"loc":{"start":{"line":33,"column":6},"end":{"line":34,"column":null}},"type":"binary-expr","locations":[{"start":{"line":33,"column":6},"end":{"line":33,"column":null}},{"start":{"line":34,"column":7},"end":{"line":34,"column":38}}],"line":33},"5":{"loc":{"start":{"line":34,"column":7},"end":{"line":34,"column":38}},"type":"cond-expr","locations":[{"start":{"line":34,"column":25},"end":{"line":34,"column":32}},{"start":{"line":34,"column":35},"end":{"line":34,"column":38}}],"line":34},"6":{"loc":{"start":{"line":74,"column":4},"end":{"line":77,"column":null}},"type":"if","locations":[{"start":{"line":74,"column":4},"end":{"line":77,"column":null}},{"start":{},"end":{}}],"line":74}},"s":{"0":1,"1":1,"2":1,"3":1,"4":1,"5":1,"6":0,"7":0,"8":0,"9":0,"10":0,"11":1,"12":0,"13":1,"14":1,"15":1,"16":1,"17":1,"18":1,"19":0,"20":0,"21":0,"22":0,"23":0,"24":0,"25":0,"26":0},"f":{"0":1,"1":0,"2":0,"3":1,"4":1,"5":0,"6":0,"7":0},"b":{"0":[1,0],"1":[0,0,0],"2":[0,0,0],"3":[0,0],"4":[0,0],"5":[0,0],"6":[0,0]},"meta":{"lastBranch":7,"lastFunction":8,"lastStatement":27,"seen":{"s:16:24:40:Infinity":0,"f:16:24:16:Infinity":0,"s:20:2:39:Infinity":1,"s:21:16:21:Infinity":2,"s:22:22:22:Infinity":3,"b:23:4:23:Infinity:undefined:undefined:undefined:undefined":0,"s:23:4:23:Infinity":4,"s:23:14:23:Infinity":5,"s:25:24:25:Infinity":6,"s:26:33:30:Infinity":7,"f:26:42:26:43":1,"s:26:50:30:Infinity":8,"b:27:10:27:27:27:31:27:35:27:39:27:Infinity":1,"b:28:12:28:31:28:35:28:41:28:45:28:Infinity":2,"b:29:14:29:22:29:26:29:Infinity":3,"s:33:6:34:Infinity":9,"b:33:6:33:Infinity:34:7:34:38":4,"f:33:16:33:17":2,"s:33:23:33:Infinity":10,"b:34:25:34:32:34:35:34:38":5,"s:36:4:36:Infinity":11,"s:38:4:38:Infinity":12,"s:42:13:83:Infinity":13,"f:42:62:42:63":3,"s:42:77:83:Infinity":14,"f:49:22:49:Infinity":4,"s:50:4:68:Infinity":15,"s:51:6:51:Infinity":16,"s:54:44:54:Infinity":17,"s:56:6:61:Infinity":18,"s:63:6:67:Infinity":19,"f:71:22:71:23":5,"s:72:30:72:Infinity":20,"s:73:16:73:Infinity":21,"f:73:35:73:36":6,"s:73:42:73:Infinity":22,"b:74:4:77:Infinity:undefined:undefined:undefined:undefined":6,"s:74:4:77:Infinity":23,"s:75:6:75:Infinity":24,"s:76:6:76:Infinity":25,"f:80:19:80:Infinity":7,"s:81:4:81:Infinity":26}}}
,"E:\\L2 Project\\hotel-and-restaurant-review-management-system\\frontend\\src\\utils\\authRole.ts": {"path":"E:\\L2 Project\\hotel-and-restaurant-review-management-system\\frontend\\src\\utils\\authRole.ts","statementMap":{"0":{"start":{"line":3,"column":29},"end":{"line":15,"column":null}},"1":{"start":{"line":4,"column":2},"end":{"line":8,"column":null}},"2":{"start":{"line":5,"column":4},"end":{"line":7,"column":null}},"3":{"start":{"line":10,"column":2},"end":{"line":12,"column":null}},"4":{"start":{"line":11,"column":4},"end":{"line":11,"column":null}},"5":{"start":{"line":14,"column":2},"end":{"line":14,"column":null}},"6":{"start":{"line":17,"column":20},"end":{"line":17,"column":null}},"7":{"start":{"line":19,"column":25},"end":{"line":31,"column":null}},"8":{"start":{"line":20,"column":8},"end":{"line":20,"column":null}},"9":{"start":{"line":21,"column":16},"end":{"line":21,"column":null}},"10":{"start":{"line":22,"column":19},"end":{"line":22,"column":null}},"11":{"start":{"line":24,"column":2},"end":{"line":29,"column":null}},"12":{"start":{"line":25,"column":19},"end":{"line":25,"column":null}},"13":{"start":{"line":26,"column":4},"end":{"line":26,"column":null}},"14":{"start":{"line":27,"column":4},"end":{"line":27,"column":null}},"15":{"start":{"line":27,"column":18},"end":{"line":27,"column":null}},"16":{"start":{"line":28,"column":4},"end":{"line":28,"column":null}},"17":{"start":{"line":30,"column":2},"end":{"line":30,"column":null}},"18":{"start":{"line":33,"column":27},"end":{"line":34,"column":null}},"19":{"start":{"line":34,"column":2},"end":{"line":34,"column":null}},"20":{"start":{"line":36,"column":37},"end":{"line":37,"column":null}},"21":{"start":{"line":37,"column":2},"end":{"line":37,"column":null}},"22":{"start":{"line":39,"column":39},"end":{"line":40,"column":null}},"23":{"start":{"line":40,"column":2},"end":{"line":40,"column":null}}},"fnMap":{"0":{"name":"(anonymous_0)","decl":{"start":{"line":3,"column":29},"end":{"line":3,"column":30}},"loc":{"start":{"line":3,"column":30},"end":{"line":15,"column":null}},"line":3},"1":{"name":"(anonymous_1)","decl":{"start":{"line":19,"column":25},"end":{"line":19,"column":null}},"loc":{"start":{"line":19,"column":25},"end":{"line":31,"column":null}},"line":19},"2":{"name":"(anonymous_2)","decl":{"start":{"line":33,"column":27},"end":{"line":33,"column":28}},"loc":{"start":{"line":34,"column":2},"end":{"line":34,"column":null}},"line":34},"3":{"name":"(anonymous_3)","decl":{"start":{"line":36,"column":37},"end":{"line":36,"column":38}},"loc":{"start":{"line":37,"column":2},"end":{"line":37,"column":null}},"line":37},"4":{"name":"(anonymous_4)","decl":{"start":{"line":39,"column":39},"end":{"line":39,"column":40}},"loc":{"start":{"line":40,"column":2},"end":{"line":40,"column":null}},"line":40}},"branchMap":{"0":{"loc":{"start":{"line":4,"column":2},"end":{"line":8,"column":null}},"type":"if","locations":[{"start":{"line":4,"column":2},"end":{"line":8,"column":null}},{"start":{},"end":{}}],"line":4},"1":{"loc":{"start":{"line":5,"column":18},"end":{"line":5,"column":null}},"type":"binary-expr","locations":[{"start":{"line":5,"column":18},"end":{"line":5,"column":26}},{"start":{"line":5,"column":30},"end":{"line":5,"column":null}}],"line":5},"2":{"loc":{"start":{"line":10,"column":2},"end":{"line":12,"column":null}},"type":"if","locations":[{"start":{"line":10,"column":2},"end":{"line":12,"column":null}},{"start":{},"end":{}}],"line":10},"3":{"loc":{"start":{"line":24,"column":2},"end":{"line":29,"column":null}},"type":"if","locations":[{"start":{"line":24,"column":2},"end":{"line":29,"column":null}},{"start":{},"end":{}}],"line":24},"4":{"loc":{"start":{"line":27,"column":4},"end":{"line":27,"column":null}},"type":"if","locations":[{"start":{"line":27,"column":4},"end":{"line":27,"column":null}},{"start":{},"end":{}}],"line":27},"5":{"loc":{"start":{"line":40,"column":2},"end":{"line":40,"column":null}},"type":"cond-expr","locations":[{"start":{"line":40,"column":23},"end":{"line":40,"column":44}},{"start":{"line":40,"column":44},"end":{"line":40,"column":null}}],"line":40}},"s":{"0":1,"1":0,"2":0,"3":0,"4":0,"5":0,"6":1,"7":1,"8":0,"9":0,"10":0,"11":0,"12":0,"13":0,"14":0,"15":0,"16":0,"17":0,"18":1,"19":0,"20":1,"21":0,"22":1,"23":0},"f":{"0":0,"1":0,"2":0,"3":0,"4":0},"b":{"0":[0,0],"1":[0,0],"2":[0,0],"3":[0,0],"4":[0,0],"5":[0,0]},"meta":{"lastBranch":6,"lastFunction":5,"lastStatement":24,"seen":{"s:3:29:15:Infinity":0,"f:3:29:3:30":0,"b:4:2:8:Infinity:undefined:undefined:undefined:undefined":0,"s:4:2:8:Infinity":1,"s:5:4:7:Infinity":2,"b:5:18:5:26:5:30:5:Infinity":1,"b:10:2:12:Infinity:undefined:undefined:undefined:undefined":2,"s:10:2:12:Infinity":3,"s:11:4:11:Infinity":4,"s:14:2:14:Infinity":5,"s:17:20:17:Infinity":6,"s:19:25:31:Infinity":7,"f:19:25:19:Infinity":1,"s:20:8:20:Infinity":8,"s:21:16:21:Infinity":9,"s:22:19:22:Infinity":10,"b:24:2:29:Infinity:undefined:undefined:undefined:undefined":3,"s:24:2:29:Infinity":11,"s:25:19:25:Infinity":12,"s:26:4:26:Infinity":13,"b:27:4:27:Infinity:undefined:undefined:undefined:undefined":4,"s:27:4:27:Infinity":14,"s:27:18:27:Infinity":15,"s:28:4:28:Infinity":16,"s:30:2:30:Infinity":17,"s:33:27:34:Infinity":18,"f:33:27:33:28":2,"s:34:2:34:Infinity":19,"s:36:37:37:Infinity":20,"f:36:37:36:38":3,"s:37:2:37:Infinity":21,"s:39:39:40:Infinity":22,"f:39:39:39:40":4,"s:40:2:40:Infinity":23,"b:40:23:40:44:40:44:40:Infinity":5}}}
,"E:\\L2 Project\\hotel-and-restaurant-review-management-system\\frontend\\src\\utils\\logger.ts": {"path":"E:\\L2 Project\\hotel-and-restaurant-review-management-system\\frontend\\src\\utils\\logger.ts","statementMap":{"0":{"start":{"line":7,"column":14},"end":{"line":7,"column":33}},"1":{"start":{"line":9,"column":22},"end":{"line":39,"column":null}},"2":{"start":{"line":11,"column":4},"end":{"line":13,"column":null}},"3":{"start":{"line":12,"column":6},"end":{"line":12,"column":null}},"4":{"start":{"line":17,"column":4},"end":{"line":19,"column":null}},"5":{"start":{"line":18,"column":6},"end":{"line":18,"column":null}},"6":{"start":{"line":23,"column":4},"end":{"line":26,"column":null}},"7":{"start":{"line":24,"column":20},"end":{"line":24,"column":null}},"8":{"start":{"line":25,"column":6},"end":{"line":25,"column":null}},"9":{"start":{"line":32,"column":4},"end":{"line":32,"column":null}},"10":{"start":{"line":37,"column":4},"end":{"line":37,"column":null}}},"fnMap":{"0":{"name":"(anonymous_0)","decl":{"start":{"line":10,"column":8},"end":{"line":10,"column":9}},"loc":{"start":{"line":10,"column":29},"end":{"line":14,"column":null}},"line":10},"1":{"name":"(anonymous_1)","decl":{"start":{"line":16,"column":9},"end":{"line":16,"column":10}},"loc":{"start":{"line":16,"column":30},"end":{"line":20,"column":null}},"line":16},"2":{"name":"(anonymous_2)","decl":{"start":{"line":22,"column":7},"end":{"line":22,"column":8}},"loc":{"start":{"line":22,"column":37},"end":{"line":27,"column":null}},"line":22},"3":{"name":"(anonymous_3)","decl":{"start":{"line":29,"column":8},"end":{"line":29,"column":9}},"loc":{"start":{"line":29,"column":29},"end":{"line":33,"column":null}},"line":29},"4":{"name":"(anonymous_4)","decl":{"start":{"line":35,"column":9},"end":{"line":35,"column":10}},"loc":{"start":{"line":35,"column":30},"end":{"line":38,"column":null}},"line":35}},"branchMap":{"0":{"loc":{"start":{"line":11,"column":4},"end":{"line":13,"column":null}},"type":"if","locations":[{"start":{"line":11,"column":4},"end":{"line":13,"column":null}},{"start":{},"end":{}}],"line":11},"1":{"loc":{"start":{"line":17,"column":4},"end":{"line":19,"column":null}},"type":"if","locations":[{"start":{"line":17,"column":4},"end":{"line":19,"column":null}},{"start":{},"end":{}}],"line":17},"2":{"loc":{"start":{"line":23,"column":4},"end":{"line":26,"column":null}},"type":"if","locations":[{"start":{"line":23,"column":4},"end":{"line":26,"column":null}},{"start":{},"end":{}}],"line":23},"3":{"loc":{"start":{"line":24,"column":20},"end":{"line":24,"column":null}},"type":"cond-expr","locations":[{"start":{"line":24,"column":39},"end":{"line":24,"column":58}},{"start":{"line":24,"column":58},"end":{"line":24,"column":null}}],"line":24},"4":{"loc":{"start":{"line":25,"column":73},"end":{"line":25,"column":null}},"type":"binary-expr","locations":[{"start":{"line":25,"column":73},"end":{"line":25,"column":81}},{"start":{"line":25,"column":81},"end":{"line":25,"column":null}}],"line":25}},"s":{"0":1,"1":1,"2":0,"3":0,"4":0,"5":0,"6":1,"7":1,"8":1,"9":0,"10":0},"f":{"0":0,"1":0,"2":1,"3":0,"4":0},"b":{"0":[0,0],"1":[0,0],"2":[1,0],"3":[1,0],"4":[1,1]},"meta":{"lastBranch":5,"lastFunction":5,"lastStatement":11,"seen":{"s:7:14:7:33":0,"s:9:22:39:Infinity":1,"f:10:8:10:9":0,"b:11:4:13:Infinity:undefined:undefined:undefined:undefined":0,"s:11:4:13:Infinity":2,"s:12:6:12:Infinity":3,"f:16:9:16:10":1,"b:17:4:19:Infinity:undefined:undefined:undefined:undefined":1,"s:17:4:19:Infinity":4,"s:18:6:18:Infinity":5,"f:22:7:22:8":2,"b:23:4:26:Infinity:undefined:undefined:undefined:undefined":2,"s:23:4:26:Infinity":6,"s:24:20:24:Infinity":7,"b:24:39:24:58:24:58:24:Infinity":3,"s:25:6:25:Infinity":8,"b:25:73:25:81:25:81:25:Infinity":4,"f:29:8:29:9":3,"s:32:4:32:Infinity":9,"f:35:9:35:10":4,"s:37:4:37:Infinity":10}}}
}
